-- Wed, 15 Apr 2020 16:01:30 GMT, error: System error, origin: uncaughtException, message: Error: listen EADDRINUSE: address already in use :::4000-- Wed, 15 Apr 2020 16:03:11 GMT, method: POST, path: /boards, status: 200, message: The board has been created, params: {}, body: {"title":"Autotest board","columns":[{"title":"Backlog","order":1},{"title":"Sprint","order":2}]}
-- Wed, 15 Apr 2020 16:03:11 GMT, method: POST, path: /boards, status: 200, message: The board has been created, params: {}, body: {"title":"Autotest board","columns":[{"title":"Backlog","order":1},{"title":"Sprint","order":2}]}
-- Wed, 15 Apr 2020 16:03:11 GMT, method: POST, path: /boards/1995f788-22dd-409e-9036-a3a49649532c/tasks, status: 200, message: The task has been created, params: {}, body: {"title":"Autotest task","order":0,"description":"Lorem ipsum","userId":null,"boardId":null,"columnId":null}
-- Wed, 15 Apr 2020 16:03:11 GMT, method: GET, path: /boards, status: 200, message: OK, params: {}, body: {}
-- Wed, 15 Apr 2020 16:03:11 GMT, method: GET, path: /boards/1995f788-22dd-409e-9036-a3a49649532c/tasks, status: 200, message: OK, params: {}, body: {}
-- Wed, 15 Apr 2020 16:03:11 GMT, method: GET, path: /boards/1995f788-22dd-409e-9036-a3a49649532c/tasks, status: 200, message: OK, params: {}, body: {}
-- Wed, 15 Apr 2020 16:03:11 GMT, method: GET, path: /boards, status: 200, message: OK, params: {}, body: {}
-- Wed, 15 Apr 2020 16:03:11 GMT, method: GET, path: /boards/1995f788-22dd-409e-9036-a3a49649532c/tasks/e9f2d560-3c9f-45e7-b50f-9449a2164e9f, status: 200, message: OK, params: {}, body: {}
-- Wed, 15 Apr 2020 16:03:11 GMT, method: GET, path: /boards/1c51cce0-bb5a-4f0b-bfe5-17478249c7e8, status: 200, message: OK, params: {}, body: {}
-- Wed, 15 Apr 2020 16:03:11 GMT, method: POST, path: /boards/1995f788-22dd-409e-9036-a3a49649532c/tasks, status: 200, message: The task has been created, params: {}, body: {"title":"Autotest task","order":0,"description":"Lorem ipsum","userId":null,"boardId":null,"columnId":null}
-- Wed, 15 Apr 2020 16:03:11 GMT, method: POST, path: /boards, status: 200, message: The board has been created, params: {}, body: {"title":"Autotest board","columns":[{"title":"Backlog","order":1},{"title":"Sprint","order":2}]}
-- Wed, 15 Apr 2020 16:03:11 GMT, method: DELETE, path: /boards/1995f788-22dd-409e-9036-a3a49649532c/tasks/e98559e5-a0db-42cb-a503-a3652f718351, status: 204, message: No Content, params: {}, body: {}
-- Wed, 15 Apr 2020 16:03:11 GMT, method: DELETE, path: /boards/fbca44a8-7cd1-4fa2-90e6-8cf2ef930136, status: 204, message: No Content, params: {}, body: {}
-- Wed, 15 Apr 2020 16:03:11 GMT, method: POST, path: /boards/1995f788-22dd-409e-9036-a3a49649532c/tasks, status: 200, message: The task has been created, params: {}, body: {"title":"Autotest task","order":0,"description":"Lorem ipsum","userId":null,"boardId":null,"columnId":null}
-- Wed, 15 Apr 2020 16:03:11 GMT, method: POST, path: /boards, status: 200, message: The board has been created, params: {}, body: {"title":"Autotest board","columns":[{"title":"Backlog","order":1},{"title":"Sprint","order":2}]}
-- Wed, 15 Apr 2020 16:03:11 GMT, method: PUT, path: /boards/8f5b70ac-cfee-4ad4-a0ac-c86e1ec8e9cd, status: 200, message: OK, params: {}, body: {"id":"8f5b70ac-cfee-4ad4-a0ac-c86e1ec8e9cd","title":"Autotest updated board","columns":[{"title":"Backlog","order":1},{"title":"Sprint","order":2}]}
-- Wed, 15 Apr 2020 16:03:11 GMT, method: PUT, path: /boards/1995f788-22dd-409e-9036-a3a49649532c/tasks/2accb839-be30-431c-8c47-82229915b19e, status: 200, message: The task has been updated, params: {}, body: {"id":"2accb839-be30-431c-8c47-82229915b19e","title":"Autotest updated task","order":0,"description":"Lorem ipsum","userId":null,"boardId":"1995f788-22dd-409e-9036-a3a49649532c","columnId":null}
-- Wed, 15 Apr 2020 16:03:11 GMT, method: GET, path: /boards/1995f788-22dd-409e-9036-a3a49649532c/tasks/2accb839-be30-431c-8c47-82229915b19e, status: 200, message: OK, params: {}, body: {}
-- Wed, 15 Apr 2020 16:03:11 GMT, method: GET, path: /boards/8f5b70ac-cfee-4ad4-a0ac-c86e1ec8e9cd, status: 200, message: OK, params: {}, body: {}
-- Wed, 15 Apr 2020 16:03:11 GMT, method: DELETE, path: /boards/8f5b70ac-cfee-4ad4-a0ac-c86e1ec8e9cd, status: 204, message: No Content, params: {}, body: {}
-- Wed, 15 Apr 2020 16:03:11 GMT, method: GET, path: /boards/1995f788-22dd-409e-9036-a3a49649532c/tasks/e9f2d560-3c9f-45e7-b50f-9449a2164e9f, status: 200, message: OK, params: {}, body: {}
-- Wed, 15 Apr 2020 16:03:11 GMT, method: DELETE, path: /boards/1995f788-22dd-409e-9036-a3a49649532c/tasks/e9f2d560-3c9f-45e7-b50f-9449a2164e9f, status: 204, message: No Content, params: {}, body: {}
-- Wed, 15 Apr 2020 16:03:11 GMT, method: GET, path: /boards, status: 200, message: OK, params: {}, body: {}
-- Wed, 15 Apr 2020 16:03:11 GMT, method: GET, path: /boards/e9f2d560-3c9f-45e7-b50f-9449a2164e9f/tasks/undefined, status: 404, message: Not Found, params: {}, body: {}
-- Wed, 15 Apr 2020 16:03:11 GMT, method: DELETE, path: /boards/1c51cce0-bb5a-4f0b-bfe5-17478249c7e8, status: 204, message: No Content, params: {}, body: {}
-- Wed, 15 Apr 2020 16:03:11 GMT, method: DELETE, path: /boards/1995f788-22dd-409e-9036-a3a49649532c, status: 204, message: No Content, params: {}, body: {}
-- Wed, 15 Apr 2020 16:03:11 GMT, method: GET, path: /boards/1c51cce0-bb5a-4f0b-bfe5-17478249c7e8, status: 404, message: Not Found, params: {}, body: {}
-- Wed, 15 Apr 2020 16:03:11 GMT, method: POST, path: /boards, status: 200, message: The board has been created, params: {}, body: {"title":"Autotest board","columns":[{"title":"Backlog","order":1},{"title":"Sprint","order":2}]}
-- Wed, 15 Apr 2020 16:03:11 GMT, method: POST, path: /boards/59a4b722-23ea-4ecd-9e4b-69361e1e268d/tasks, status: 200, message: The task has been created, params: {}, body: {"title":"Task #1","order":1,"description":"Lorem ipsum","boardId":"59a4b722-23ea-4ecd-9e4b-69361e1e268d","userId":null,"columnId":null}
-- Wed, 15 Apr 2020 16:03:11 GMT, method: POST, path: /boards/59a4b722-23ea-4ecd-9e4b-69361e1e268d/tasks, status: 200, message: The task has been created, params: {}, body: {"title":"Task #2","order":2,"description":"Lorem ipsum","boardId":"59a4b722-23ea-4ecd-9e4b-69361e1e268d","userId":null,"columnId":null}
-- Wed, 15 Apr 2020 16:03:11 GMT, method: POST, path: /boards/59a4b722-23ea-4ecd-9e4b-69361e1e268d/tasks, status: 200, message: The task has been created, params: {}, body: {"title":"Task #3","order":3,"description":"Lorem ipsum","boardId":"59a4b722-23ea-4ecd-9e4b-69361e1e268d","userId":null,"columnId":null}
-- Wed, 15 Apr 2020 16:03:11 GMT, method: POST, path: /boards/59a4b722-23ea-4ecd-9e4b-69361e1e268d/tasks, status: 200, message: The task has been created, params: {}, body: {"title":"Task #4","order":4,"description":"Lorem ipsum","boardId":"59a4b722-23ea-4ecd-9e4b-69361e1e268d","userId":null,"columnId":null}
-- Wed, 15 Apr 2020 16:03:11 GMT, method: POST, path: /boards/59a4b722-23ea-4ecd-9e4b-69361e1e268d/tasks, status: 200, message: The task has been created, params: {}, body: {"title":"Task #5","order":5,"description":"Lorem ipsum","boardId":"59a4b722-23ea-4ecd-9e4b-69361e1e268d","userId":null,"columnId":null}
-- Wed, 15 Apr 2020 16:03:11 GMT, method: GET, path: /boards/59a4b722-23ea-4ecd-9e4b-69361e1e268d/tasks/7e83b27d-6fd5-45a9-b3ad-106c074cc9a8, status: 200, message: OK, params: {}, body: {}
-- Wed, 15 Apr 2020 16:03:11 GMT, method: GET, path: /boards/59a4b722-23ea-4ecd-9e4b-69361e1e268d/tasks/80b64a53-5e96-4596-9c9a-c8774b7d394c, status: 200, message: OK, params: {}, body: {}
-- Wed, 15 Apr 2020 16:03:11 GMT, method: GET, path: /boards/59a4b722-23ea-4ecd-9e4b-69361e1e268d/tasks/473e9b5e-7942-4ada-ad2a-7c4e5cd5e74d, status: 200, message: OK, params: {}, body: {}
-- Wed, 15 Apr 2020 16:03:11 GMT, method: GET, path: /boards/59a4b722-23ea-4ecd-9e4b-69361e1e268d/tasks/01eab7b8-e1b2-4f35-94cc-f5b1701f253b, status: 200, message: OK, params: {}, body: {}
-- Wed, 15 Apr 2020 16:03:11 GMT, method: GET, path: /boards/59a4b722-23ea-4ecd-9e4b-69361e1e268d/tasks/0dfeae16-833c-4289-a5a9-e0d2d5b76b8d, status: 200, message: OK, params: {}, body: {}
-- Wed, 15 Apr 2020 16:03:11 GMT, method: DELETE, path: /boards/59a4b722-23ea-4ecd-9e4b-69361e1e268d, status: 204, message: No Content, params: {}, body: {}
-- Wed, 15 Apr 2020 16:03:11 GMT, method: GET, path: /boards/59a4b722-23ea-4ecd-9e4b-69361e1e268d/tasks/7e83b27d-6fd5-45a9-b3ad-106c074cc9a8, status: 404, message: Not Found, params: {}, body: {}
-- Wed, 15 Apr 2020 16:03:11 GMT, method: GET, path: /boards/59a4b722-23ea-4ecd-9e4b-69361e1e268d/tasks/80b64a53-5e96-4596-9c9a-c8774b7d394c, status: 404, message: Not Found, params: {}, body: {}
-- Wed, 15 Apr 2020 16:03:11 GMT, method: GET, path: /boards/59a4b722-23ea-4ecd-9e4b-69361e1e268d/tasks/01eab7b8-e1b2-4f35-94cc-f5b1701f253b, status: 404, message: Not Found, params: {}, body: {}
-- Wed, 15 Apr 2020 16:03:11 GMT, method: GET, path: /boards/59a4b722-23ea-4ecd-9e4b-69361e1e268d/tasks/473e9b5e-7942-4ada-ad2a-7c4e5cd5e74d, status: 404, message: Not Found, params: {}, body: {}
-- Wed, 15 Apr 2020 16:03:11 GMT, method: GET, path: /boards/59a4b722-23ea-4ecd-9e4b-69361e1e268d/tasks/0dfeae16-833c-4289-a5a9-e0d2d5b76b8d, status: 404, message: Not Found, params: {}, body: {}
-- Wed, 15 Apr 2020 16:03:12 GMT, method: GET, path: /users, status: 200, message: OK, params: {}, body: {}
-- Wed, 15 Apr 2020 16:03:12 GMT, method: POST, path: /users, status: 200, message: The user has been created, params: {}, body: {"name":"TEST_USER","login":"test_user","password":"T35t_P@55w0rd"}
-- Wed, 15 Apr 2020 16:03:12 GMT, method: GET, path: /users, status: 500, message: Internal Server Error, params: {}, body: {}
-- Wed, 15 Apr 2020 16:03:13 GMT, method: POST, path: /users, status: 200, message: The user has been created, params: {}, body: {"name":"TEST_USER","login":"test_user","password":"T35t_P@55w0rd"}
-- Wed, 15 Apr 2020 16:03:13 GMT, method: DELETE, path: /users/66c43798-9d08-4b4b-a501-ac5df772d418, status: 500, message: Internal Server Error, params: {}, body: {}
-- Wed, 15 Apr 2020 16:03:13 GMT, method: POST, path: /users, status: 200, message: The user has been created, params: {}, body: {"name":"TEST_USER","login":"test_user","password":"T35t_P@55w0rd"}
-- Wed, 15 Apr 2020 16:03:13 GMT, method: PUT, path: /users/bbd811aa-6899-4b75-97ff-99c986175f68, status: 500, message: Internal Server Error, params: {}, body: {"name":"Autotest updated TEST_USER","login":"test_user","password":"T35t_P@55w0rd","id":"bbd811aa-6899-4b75-97ff-99c986175f68"}
-- Wed, 15 Apr 2020 16:03:13 GMT, method: POST, path: /users, status: 200, message: The user has been created, params: {}, body: {"name":"TEST_USER","login":"test_user","password":"T35t_P@55w0rd"}
-- Wed, 15 Apr 2020 16:03:13 GMT, method: DELETE, path: /users/ce6412de-e18c-414d-a932-f77c24b7af2a, status: 500, message: Internal Server Error, params: {}, body: {}
-- Wed, 15 Apr 2020 16:03:13 GMT, method: POST, path: /users, status: 200, message: The user has been created, params: {}, body: {"name":"TEST_USER","login":"test_user","password":"T35t_P@55w0rd"}
-- Wed, 15 Apr 2020 16:03:13 GMT, method: POST, path: /boards, status: 200, message: The board has been created, params: {}, body: {"title":"Autotest board","columns":[{"title":"Backlog","order":1},{"title":"Sprint","order":2}]}
-- Wed, 15 Apr 2020 16:03:13 GMT, method: POST, path: /boards/4e36615e-784d-46ea-8cb8-3909cf1c2691/tasks, status: 200, message: The task has been created, params: {}, body: {"title":"Task #2","order":2,"description":"Lorem ipsum","userId":"51e614a0-0a12-4f49-8a1f-38c754370dbe","boardId":"4e36615e-784d-46ea-8cb8-3909cf1c2691"}
-- Wed, 15 Apr 2020 16:03:13 GMT, method: POST, path: /boards/4e36615e-784d-46ea-8cb8-3909cf1c2691/tasks, status: 200, message: The task has been created, params: {}, body: {"title":"Task #1","order":1,"description":"Lorem ipsum","userId":"51e614a0-0a12-4f49-8a1f-38c754370dbe","boardId":"4e36615e-784d-46ea-8cb8-3909cf1c2691"}
-- Wed, 15 Apr 2020 16:03:13 GMT, method: DELETE, path: /users/51e614a0-0a12-4f49-8a1f-38c754370dbe, status: 500, message: Internal Server Error, params: {}, body: {}
-- Wed, 15 Apr 2020 16:04:54 GMT, method: POST, path: /boards, status: 200, message: The board has been created, params: {}, body: {"title":"Autotest board","columns":[{"title":"Backlog","order":1},{"title":"Sprint","order":2}]}
-- Wed, 15 Apr 2020 16:04:54 GMT, method: POST, path: /boards, status: 200, message: The board has been created, params: {}, body: {"title":"Autotest board","columns":[{"title":"Backlog","order":1},{"title":"Sprint","order":2}]}
-- Wed, 15 Apr 2020 16:04:54 GMT, method: GET, path: /boards, status: 200, message: OK, params: {}, body: {}
-- Wed, 15 Apr 2020 16:04:54 GMT, method: POST, path: /boards/44eb3716-858a-47a4-a6c7-7abdb179fa82/tasks, status: 200, message: The task has been created, params: {}, body: {"title":"Autotest task","order":0,"description":"Lorem ipsum","userId":null,"boardId":null,"columnId":null}
-- Wed, 15 Apr 2020 16:04:54 GMT, method: GET, path: /boards/44eb3716-858a-47a4-a6c7-7abdb179fa82/tasks, status: 200, message: OK, params: {}, body: {}
-- Wed, 15 Apr 2020 16:04:54 GMT, method: GET, path: /boards, status: 200, message: OK, params: {}, body: {}
-- Wed, 15 Apr 2020 16:04:54 GMT, method: GET, path: /boards/113b2f6f-56e7-412c-8905-c85212d1d0d6, status: 200, message: OK, params: {}, body: {}
-- Wed, 15 Apr 2020 16:04:54 GMT, method: GET, path: /boards/44eb3716-858a-47a4-a6c7-7abdb179fa82/tasks, status: 200, message: OK, params: {}, body: {}
-- Wed, 15 Apr 2020 16:04:54 GMT, method: POST, path: /boards, status: 200, message: The board has been created, params: {}, body: {"title":"Autotest board","columns":[{"title":"Backlog","order":1},{"title":"Sprint","order":2}]}
-- Wed, 15 Apr 2020 16:04:54 GMT, method: GET, path: /boards/44eb3716-858a-47a4-a6c7-7abdb179fa82/tasks/0495b19d-5b2d-4929-978d-871f5b479092, status: 200, message: OK, params: {}, body: {}
-- Wed, 15 Apr 2020 16:04:54 GMT, method: DELETE, path: /boards/81c9c823-cd22-4489-8df9-061ef21953a8, status: 204, message: No Content, params: {}, body: {}
-- Wed, 15 Apr 2020 16:04:54 GMT, method: POST, path: /boards/44eb3716-858a-47a4-a6c7-7abdb179fa82/tasks, status: 200, message: The task has been created, params: {}, body: {"title":"Autotest task","order":0,"description":"Lorem ipsum","userId":null,"boardId":null,"columnId":null}
-- Wed, 15 Apr 2020 16:04:54 GMT, method: POST, path: /boards, status: 200, message: The board has been created, params: {}, body: {"title":"Autotest board","columns":[{"title":"Backlog","order":1},{"title":"Sprint","order":2}]}
-- Wed, 15 Apr 2020 16:04:54 GMT, method: DELETE, path: /boards/44eb3716-858a-47a4-a6c7-7abdb179fa82/tasks/907b0003-444d-4d17-9c4f-ed0f00f5f74b, status: 204, message: No Content, params: {}, body: {}
-- Wed, 15 Apr 2020 16:04:54 GMT, method: PUT, path: /boards/b958b38a-9fe0-4a90-a62d-c31eee53ec0a, status: 200, message: OK, params: {}, body: {"id":"b958b38a-9fe0-4a90-a62d-c31eee53ec0a","title":"Autotest updated board","columns":[{"title":"Backlog","order":1},{"title":"Sprint","order":2}]}
-- Wed, 15 Apr 2020 16:04:54 GMT, method: POST, path: /boards/44eb3716-858a-47a4-a6c7-7abdb179fa82/tasks, status: 200, message: The task has been created, params: {}, body: {"title":"Autotest task","order":0,"description":"Lorem ipsum","userId":null,"boardId":null,"columnId":null}
-- Wed, 15 Apr 2020 16:04:54 GMT, method: GET, path: /boards/b958b38a-9fe0-4a90-a62d-c31eee53ec0a, status: 200, message: OK, params: {}, body: {}
-- Wed, 15 Apr 2020 16:04:54 GMT, method: PUT, path: /boards/44eb3716-858a-47a4-a6c7-7abdb179fa82/tasks/167e9bb8-4b3e-49d5-b50e-25fe99985256, status: 200, message: The task has been updated, params: {}, body: {"id":"167e9bb8-4b3e-49d5-b50e-25fe99985256","title":"Autotest updated task","order":0,"description":"Lorem ipsum","userId":null,"boardId":"44eb3716-858a-47a4-a6c7-7abdb179fa82","columnId":null}
-- Wed, 15 Apr 2020 16:04:54 GMT, method: DELETE, path: /boards/b958b38a-9fe0-4a90-a62d-c31eee53ec0a, status: 204, message: No Content, params: {}, body: {}
-- Wed, 15 Apr 2020 16:04:54 GMT, method: GET, path: /boards/44eb3716-858a-47a4-a6c7-7abdb179fa82/tasks/167e9bb8-4b3e-49d5-b50e-25fe99985256, status: 200, message: OK, params: {}, body: {}
-- Wed, 15 Apr 2020 16:04:54 GMT, method: GET, path: /boards, status: 200, message: OK, params: {}, body: {}
-- Wed, 15 Apr 2020 16:04:54 GMT, method: DELETE, path: /boards/113b2f6f-56e7-412c-8905-c85212d1d0d6, status: 204, message: No Content, params: {}, body: {}
-- Wed, 15 Apr 2020 16:04:54 GMT, method: GET, path: /boards/44eb3716-858a-47a4-a6c7-7abdb179fa82/tasks/0495b19d-5b2d-4929-978d-871f5b479092, status: 200, message: OK, params: {}, body: {}
-- Wed, 15 Apr 2020 16:04:54 GMT, method: GET, path: /boards/113b2f6f-56e7-412c-8905-c85212d1d0d6, status: 404, message: Not Found, params: {}, body: {}
-- Wed, 15 Apr 2020 16:04:54 GMT, method: DELETE, path: /boards/44eb3716-858a-47a4-a6c7-7abdb179fa82/tasks/0495b19d-5b2d-4929-978d-871f5b479092, status: 204, message: No Content, params: {}, body: {}
-- Wed, 15 Apr 2020 16:04:54 GMT, method: GET, path: /boards/0495b19d-5b2d-4929-978d-871f5b479092/tasks/undefined, status: 404, message: Not Found, params: {}, body: {}
-- Wed, 15 Apr 2020 16:04:54 GMT, method: POST, path: /boards, status: 200, message: The board has been created, params: {}, body: {"title":"Autotest board","columns":[{"title":"Backlog","order":1},{"title":"Sprint","order":2}]}
-- Wed, 15 Apr 2020 16:04:54 GMT, method: DELETE, path: /boards/44eb3716-858a-47a4-a6c7-7abdb179fa82, status: 204, message: No Content, params: {}, body: {}
-- Wed, 15 Apr 2020 16:04:54 GMT, method: POST, path: /boards/2ea2feb9-c310-40c4-ac1e-a4591743edb1/tasks, status: 200, message: The task has been created, params: {}, body: {"title":"Task #2","order":2,"description":"Lorem ipsum","boardId":"2ea2feb9-c310-40c4-ac1e-a4591743edb1","userId":null,"columnId":null}
-- Wed, 15 Apr 2020 16:04:54 GMT, method: POST, path: /boards/2ea2feb9-c310-40c4-ac1e-a4591743edb1/tasks, status: 200, message: The task has been created, params: {}, body: {"title":"Task #1","order":1,"description":"Lorem ipsum","boardId":"2ea2feb9-c310-40c4-ac1e-a4591743edb1","userId":null,"columnId":null}
-- Wed, 15 Apr 2020 16:04:54 GMT, method: POST, path: /boards/2ea2feb9-c310-40c4-ac1e-a4591743edb1/tasks, status: 200, message: The task has been created, params: {}, body: {"title":"Task #3","order":3,"description":"Lorem ipsum","boardId":"2ea2feb9-c310-40c4-ac1e-a4591743edb1","userId":null,"columnId":null}
-- Wed, 15 Apr 2020 16:04:54 GMT, method: POST, path: /boards/2ea2feb9-c310-40c4-ac1e-a4591743edb1/tasks, status: 200, message: The task has been created, params: {}, body: {"title":"Task #4","order":4,"description":"Lorem ipsum","boardId":"2ea2feb9-c310-40c4-ac1e-a4591743edb1","userId":null,"columnId":null}
-- Wed, 15 Apr 2020 16:04:54 GMT, method: POST, path: /boards/2ea2feb9-c310-40c4-ac1e-a4591743edb1/tasks, status: 200, message: The task has been created, params: {}, body: {"title":"Task #5","order":5,"description":"Lorem ipsum","boardId":"2ea2feb9-c310-40c4-ac1e-a4591743edb1","userId":null,"columnId":null}
-- Wed, 15 Apr 2020 16:04:54 GMT, method: GET, path: /boards/2ea2feb9-c310-40c4-ac1e-a4591743edb1/tasks/29c1e61e-1afd-44d8-b0bf-0989893d0f1c, status: 200, message: OK, params: {}, body: {}
-- Wed, 15 Apr 2020 16:04:54 GMT, method: GET, path: /boards/2ea2feb9-c310-40c4-ac1e-a4591743edb1/tasks/20b30435-f37d-4af8-89aa-9ab7c044c427, status: 200, message: OK, params: {}, body: {}
-- Wed, 15 Apr 2020 16:04:54 GMT, method: GET, path: /boards/2ea2feb9-c310-40c4-ac1e-a4591743edb1/tasks/91f5198b-0e65-4fbb-9bf2-46e7384de7b3, status: 200, message: OK, params: {}, body: {}
-- Wed, 15 Apr 2020 16:04:54 GMT, method: GET, path: /boards/2ea2feb9-c310-40c4-ac1e-a4591743edb1/tasks/1c0b29fd-c328-4de0-b61c-c14a306e47b2, status: 200, message: OK, params: {}, body: {}
-- Wed, 15 Apr 2020 16:04:54 GMT, method: GET, path: /boards/2ea2feb9-c310-40c4-ac1e-a4591743edb1/tasks/67197580-6445-4e8e-b52b-6a991448114f, status: 200, message: OK, params: {}, body: {}
-- Wed, 15 Apr 2020 16:04:54 GMT, method: DELETE, path: /boards/2ea2feb9-c310-40c4-ac1e-a4591743edb1, status: 204, message: No Content, params: {}, body: {}
-- Wed, 15 Apr 2020 16:04:54 GMT, method: GET, path: /boards/2ea2feb9-c310-40c4-ac1e-a4591743edb1/tasks/29c1e61e-1afd-44d8-b0bf-0989893d0f1c, status: 404, message: Not Found, params: {}, body: {}
-- Wed, 15 Apr 2020 16:04:54 GMT, method: GET, path: /boards/2ea2feb9-c310-40c4-ac1e-a4591743edb1/tasks/20b30435-f37d-4af8-89aa-9ab7c044c427, status: 404, message: Not Found, params: {}, body: {}
-- Wed, 15 Apr 2020 16:04:54 GMT, method: GET, path: /boards/2ea2feb9-c310-40c4-ac1e-a4591743edb1/tasks/1c0b29fd-c328-4de0-b61c-c14a306e47b2, status: 404, message: Not Found, params: {}, body: {}
-- Wed, 15 Apr 2020 16:04:54 GMT, method: GET, path: /boards/2ea2feb9-c310-40c4-ac1e-a4591743edb1/tasks/91f5198b-0e65-4fbb-9bf2-46e7384de7b3, status: 404, message: Not Found, params: {}, body: {}
-- Wed, 15 Apr 2020 16:04:54 GMT, method: GET, path: /boards/2ea2feb9-c310-40c4-ac1e-a4591743edb1/tasks/67197580-6445-4e8e-b52b-6a991448114f, status: 404, message: Not Found, params: {}, body: {}
-- Wed, 15 Apr 2020 16:04:54 GMT, method: GET, path: /users, status: 200, message: OK, params: {}, body: {}
-- Wed, 15 Apr 2020 16:04:54 GMT, method: POST, path: /users, status: 200, message: The user has been created, params: {}, body: {"name":"TEST_USER","login":"test_user","password":"T35t_P@55w0rd"}
-- Wed, 15 Apr 2020 16:04:55 GMT, method: GET, path: /users, status: 500, message: Internal Server Error, params: {}, body: {}
-- Wed, 15 Apr 2020 16:04:55 GMT, method: POST, path: /users, status: 200, message: The user has been created, params: {}, body: {"name":"TEST_USER","login":"test_user","password":"T35t_P@55w0rd"}
-- Wed, 15 Apr 2020 16:04:55 GMT, method: DELETE, path: /users/2579df0c-273e-46b3-80d3-30f02d0f269a, status: 500, message: Internal Server Error, params: {}, body: {}
-- Wed, 15 Apr 2020 16:04:55 GMT, method: POST, path: /users, status: 200, message: The user has been created, params: {}, body: {"name":"TEST_USER","login":"test_user","password":"T35t_P@55w0rd"}
-- Wed, 15 Apr 2020 16:04:55 GMT, method: PUT, path: /users/8c41a8d5-92d5-47f6-b7fc-4129969c0f28, status: 500, message: Internal Server Error, params: {}, body: {"name":"Autotest updated TEST_USER","login":"test_user","password":"T35t_P@55w0rd","id":"8c41a8d5-92d5-47f6-b7fc-4129969c0f28"}
-- Wed, 15 Apr 2020 16:04:55 GMT, method: POST, path: /users, status: 200, message: The user has been created, params: {}, body: {"name":"TEST_USER","login":"test_user","password":"T35t_P@55w0rd"}
-- Wed, 15 Apr 2020 16:04:55 GMT, method: DELETE, path: /users/d1dce580-47a6-4073-a6af-2a8ae6283df1, status: 500, message: Internal Server Error, params: {}, body: {}
-- Wed, 15 Apr 2020 16:04:55 GMT, method: POST, path: /users, status: 200, message: The user has been created, params: {}, body: {"name":"TEST_USER","login":"test_user","password":"T35t_P@55w0rd"}
-- Wed, 15 Apr 2020 16:04:55 GMT, method: POST, path: /boards, status: 200, message: The board has been created, params: {}, body: {"title":"Autotest board","columns":[{"title":"Backlog","order":1},{"title":"Sprint","order":2}]}
-- Wed, 15 Apr 2020 16:04:55 GMT, method: POST, path: /boards/323f1d4c-5ff8-441b-ba14-aad2e10109cb/tasks, status: 200, message: The task has been created, params: {}, body: {"title":"Task #2","order":2,"description":"Lorem ipsum","userId":"945ffc09-c260-4560-8258-66eeaffb4e34","boardId":"323f1d4c-5ff8-441b-ba14-aad2e10109cb"}
-- Wed, 15 Apr 2020 16:04:55 GMT, method: POST, path: /boards/323f1d4c-5ff8-441b-ba14-aad2e10109cb/tasks, status: 200, message: The task has been created, params: {}, body: {"title":"Task #1","order":1,"description":"Lorem ipsum","userId":"945ffc09-c260-4560-8258-66eeaffb4e34","boardId":"323f1d4c-5ff8-441b-ba14-aad2e10109cb"}
-- Wed, 15 Apr 2020 16:04:55 GMT, method: DELETE, path: /users/945ffc09-c260-4560-8258-66eeaffb4e34, status: 500, message: Internal Server Error, params: {}, body: {}
-- Wed, 15 Apr 2020 16:06:19 GMT, method: POST, path: /boards, status: 200, message: The board has been created, params: {}, body: {"title":"Autotest board","columns":[{"title":"Backlog","order":1},{"title":"Sprint","order":2}]}
-- Wed, 15 Apr 2020 16:06:19 GMT, method: POST, path: /boards, status: 200, message: The board has been created, params: {}, body: {"title":"Autotest board","columns":[{"title":"Backlog","order":1},{"title":"Sprint","order":2}]}
-- Wed, 15 Apr 2020 16:06:19 GMT, method: GET, path: /boards, status: 200, message: OK, params: {}, body: {}
-- Wed, 15 Apr 2020 16:06:19 GMT, method: POST, path: /boards/9300a3c1-18cd-4b8c-be51-ddfdc534b65c/tasks, status: 200, message: The task has been created, params: {}, body: {"title":"Autotest task","order":0,"description":"Lorem ipsum","userId":null,"boardId":null,"columnId":null}
-- Wed, 15 Apr 2020 16:06:19 GMT, method: GET, path: /boards/9300a3c1-18cd-4b8c-be51-ddfdc534b65c/tasks, status: 200, message: OK, params: {}, body: {}
-- Wed, 15 Apr 2020 16:06:19 GMT, method: GET, path: /boards, status: 200, message: OK, params: {}, body: {}
-- Wed, 15 Apr 2020 16:06:19 GMT, method: GET, path: /boards/eed5cb92-7946-4e5a-9d82-895155d495d5, status: 200, message: OK, params: {}, body: {}
-- Wed, 15 Apr 2020 16:06:19 GMT, method: POST, path: /boards, status: 200, message: The board has been created, params: {}, body: {"title":"Autotest board","columns":[{"title":"Backlog","order":1},{"title":"Sprint","order":2}]}
-- Wed, 15 Apr 2020 16:06:19 GMT, method: GET, path: /boards/9300a3c1-18cd-4b8c-be51-ddfdc534b65c/tasks, status: 200, message: OK, params: {}, body: {}
-- Wed, 15 Apr 2020 16:06:19 GMT, method: DELETE, path: /boards/816cbddd-bcc1-4dcd-9372-ddc5e4aba043, status: 204, message: No Content, params: {}, body: {}
-- Wed, 15 Apr 2020 16:06:19 GMT, method: GET, path: /boards/9300a3c1-18cd-4b8c-be51-ddfdc534b65c/tasks/c8b98509-2328-439e-a3bd-3481123fcc17, status: 200, message: OK, params: {}, body: {}
-- Wed, 15 Apr 2020 16:06:19 GMT, method: POST, path: /boards, status: 200, message: The board has been created, params: {}, body: {"title":"Autotest board","columns":[{"title":"Backlog","order":1},{"title":"Sprint","order":2}]}
-- Wed, 15 Apr 2020 16:06:19 GMT, method: PUT, path: /boards/b3085e00-bebd-456f-ac0b-9ad3afd44a30, status: 200, message: OK, params: {}, body: {"id":"b3085e00-bebd-456f-ac0b-9ad3afd44a30","title":"Autotest updated board","columns":[{"title":"Backlog","order":1},{"title":"Sprint","order":2}]}
-- Wed, 15 Apr 2020 16:06:19 GMT, method: POST, path: /boards/9300a3c1-18cd-4b8c-be51-ddfdc534b65c/tasks, status: 200, message: The task has been created, params: {}, body: {"title":"Autotest task","order":0,"description":"Lorem ipsum","userId":null,"boardId":null,"columnId":null}
-- Wed, 15 Apr 2020 16:06:19 GMT, method: GET, path: /boards/b3085e00-bebd-456f-ac0b-9ad3afd44a30, status: 200, message: OK, params: {}, body: {}
-- Wed, 15 Apr 2020 16:06:19 GMT, method: DELETE, path: /boards/9300a3c1-18cd-4b8c-be51-ddfdc534b65c/tasks/2a0ae0ab-a136-456b-be62-7b8cfc8bcfb6, status: 204, message: No Content, params: {}, body: {}
-- Wed, 15 Apr 2020 16:06:19 GMT, method: DELETE, path: /boards/b3085e00-bebd-456f-ac0b-9ad3afd44a30, status: 204, message: No Content, params: {}, body: {}
-- Wed, 15 Apr 2020 16:06:19 GMT, method: POST, path: /boards/9300a3c1-18cd-4b8c-be51-ddfdc534b65c/tasks, status: 200, message: The task has been created, params: {}, body: {"title":"Autotest task","order":0,"description":"Lorem ipsum","userId":null,"boardId":null,"columnId":null}
-- Wed, 15 Apr 2020 16:06:19 GMT, method: GET, path: /boards, status: 200, message: OK, params: {}, body: {}
-- Wed, 15 Apr 2020 16:06:19 GMT, method: PUT, path: /boards/9300a3c1-18cd-4b8c-be51-ddfdc534b65c/tasks/c9cf4f5a-118c-4745-899b-0a8e90b35f22, status: 200, message: The task has been updated, params: {}, body: {"id":"c9cf4f5a-118c-4745-899b-0a8e90b35f22","title":"Autotest updated task","order":0,"description":"Lorem ipsum","userId":null,"boardId":"9300a3c1-18cd-4b8c-be51-ddfdc534b65c","columnId":null}
-- Wed, 15 Apr 2020 16:06:19 GMT, method: DELETE, path: /boards/eed5cb92-7946-4e5a-9d82-895155d495d5, status: 204, message: No Content, params: {}, body: {}
-- Wed, 15 Apr 2020 16:06:19 GMT, method: GET, path: /boards/9300a3c1-18cd-4b8c-be51-ddfdc534b65c/tasks/c9cf4f5a-118c-4745-899b-0a8e90b35f22, status: 200, message: OK, params: {}, body: {}
-- Wed, 15 Apr 2020 16:06:19 GMT, method: GET, path: /boards/eed5cb92-7946-4e5a-9d82-895155d495d5, status: 404, message: Not Found, params: {}, body: {}
-- Wed, 15 Apr 2020 16:06:19 GMT, method: GET, path: /boards/9300a3c1-18cd-4b8c-be51-ddfdc534b65c/tasks/c8b98509-2328-439e-a3bd-3481123fcc17, status: 200, message: OK, params: {}, body: {}
-- Wed, 15 Apr 2020 16:06:19 GMT, method: DELETE, path: /boards/9300a3c1-18cd-4b8c-be51-ddfdc534b65c/tasks/c8b98509-2328-439e-a3bd-3481123fcc17, status: 204, message: No Content, params: {}, body: {}
-- Wed, 15 Apr 2020 16:06:19 GMT, method: POST, path: /boards, status: 200, message: The board has been created, params: {}, body: {"title":"Autotest board","columns":[{"title":"Backlog","order":1},{"title":"Sprint","order":2}]}
-- Wed, 15 Apr 2020 16:06:19 GMT, method: GET, path: /boards/c8b98509-2328-439e-a3bd-3481123fcc17/tasks/undefined, status: 404, message: Not Found, params: {}, body: {}
-- Wed, 15 Apr 2020 16:06:19 GMT, method: POST, path: /boards/5cea138f-bd88-4164-9304-ba50256308bd/tasks, status: 200, message: The task has been created, params: {}, body: {"title":"Task #2","order":2,"description":"Lorem ipsum","boardId":"5cea138f-bd88-4164-9304-ba50256308bd","userId":null,"columnId":null}
-- Wed, 15 Apr 2020 16:06:19 GMT, method: POST, path: /boards/5cea138f-bd88-4164-9304-ba50256308bd/tasks, status: 200, message: The task has been created, params: {}, body: {"title":"Task #1","order":1,"description":"Lorem ipsum","boardId":"5cea138f-bd88-4164-9304-ba50256308bd","userId":null,"columnId":null}
-- Wed, 15 Apr 2020 16:06:19 GMT, method: POST, path: /boards/5cea138f-bd88-4164-9304-ba50256308bd/tasks, status: 200, message: The task has been created, params: {}, body: {"title":"Task #3","order":3,"description":"Lorem ipsum","boardId":"5cea138f-bd88-4164-9304-ba50256308bd","userId":null,"columnId":null}
-- Wed, 15 Apr 2020 16:06:19 GMT, method: POST, path: /boards/5cea138f-bd88-4164-9304-ba50256308bd/tasks, status: 200, message: The task has been created, params: {}, body: {"title":"Task #4","order":4,"description":"Lorem ipsum","boardId":"5cea138f-bd88-4164-9304-ba50256308bd","userId":null,"columnId":null}
-- Wed, 15 Apr 2020 16:06:19 GMT, method: POST, path: /boards/5cea138f-bd88-4164-9304-ba50256308bd/tasks, status: 200, message: The task has been created, params: {}, body: {"title":"Task #5","order":5,"description":"Lorem ipsum","boardId":"5cea138f-bd88-4164-9304-ba50256308bd","userId":null,"columnId":null}
-- Wed, 15 Apr 2020 16:06:19 GMT, method: DELETE, path: /boards/9300a3c1-18cd-4b8c-be51-ddfdc534b65c, status: 204, message: No Content, params: {}, body: {}
-- Wed, 15 Apr 2020 16:06:19 GMT, method: GET, path: /boards/5cea138f-bd88-4164-9304-ba50256308bd/tasks/870ed638-e8a0-4c11-ab82-7dbf97edea14, status: 200, message: OK, params: {}, body: {}
-- Wed, 15 Apr 2020 16:06:19 GMT, method: GET, path: /boards/5cea138f-bd88-4164-9304-ba50256308bd/tasks/94386bc0-9077-46a0-a0fb-1d9a8550fddb, status: 200, message: OK, params: {}, body: {}
-- Wed, 15 Apr 2020 16:06:19 GMT, method: GET, path: /boards/5cea138f-bd88-4164-9304-ba50256308bd/tasks/dcb1419a-b13a-4ca0-a8e2-97b5584fa345, status: 200, message: OK, params: {}, body: {}
-- Wed, 15 Apr 2020 16:06:19 GMT, method: GET, path: /boards/5cea138f-bd88-4164-9304-ba50256308bd/tasks/7e199a3f-2191-4098-9d6b-c98e99209cee, status: 200, message: OK, params: {}, body: {}
-- Wed, 15 Apr 2020 16:06:19 GMT, method: GET, path: /boards/5cea138f-bd88-4164-9304-ba50256308bd/tasks/7224741b-0722-4dac-b3bb-7db010196160, status: 200, message: OK, params: {}, body: {}
-- Wed, 15 Apr 2020 16:06:19 GMT, method: DELETE, path: /boards/5cea138f-bd88-4164-9304-ba50256308bd, status: 204, message: No Content, params: {}, body: {}
-- Wed, 15 Apr 2020 16:06:19 GMT, method: GET, path: /boards/5cea138f-bd88-4164-9304-ba50256308bd/tasks/94386bc0-9077-46a0-a0fb-1d9a8550fddb, status: 404, message: Not Found, params: {}, body: {}
-- Wed, 15 Apr 2020 16:06:19 GMT, method: GET, path: /boards/5cea138f-bd88-4164-9304-ba50256308bd/tasks/870ed638-e8a0-4c11-ab82-7dbf97edea14, status: 404, message: Not Found, params: {}, body: {}
-- Wed, 15 Apr 2020 16:06:19 GMT, method: GET, path: /boards/5cea138f-bd88-4164-9304-ba50256308bd/tasks/dcb1419a-b13a-4ca0-a8e2-97b5584fa345, status: 404, message: Not Found, params: {}, body: {}
-- Wed, 15 Apr 2020 16:06:19 GMT, method: GET, path: /boards/5cea138f-bd88-4164-9304-ba50256308bd/tasks/7e199a3f-2191-4098-9d6b-c98e99209cee, status: 404, message: Not Found, params: {}, body: {}
-- Wed, 15 Apr 2020 16:06:19 GMT, method: GET, path: /boards/5cea138f-bd88-4164-9304-ba50256308bd/tasks/7224741b-0722-4dac-b3bb-7db010196160, status: 404, message: Not Found, params: {}, body: {}
-- Wed, 15 Apr 2020 16:06:19 GMT, method: GET, path: /users, status: 200, message: OK, params: {}, body: {}
-- Wed, 15 Apr 2020 16:06:19 GMT, method: POST, path: /users, status: 200, message: The user has been created, params: {}, body: {"name":"TEST_USER","login":"test_user","password":"T35t_P@55w0rd"}
-- Wed, 15 Apr 2020 16:06:19 GMT, method: GET, path: /users, status: 500, message: Internal Server Error, params: {}, body: {}
-- Wed, 15 Apr 2020 16:06:20 GMT, method: POST, path: /users, status: 200, message: The user has been created, params: {}, body: {"name":"TEST_USER","login":"test_user","password":"T35t_P@55w0rd"}
-- Wed, 15 Apr 2020 16:06:20 GMT, method: DELETE, path: /users/511261ce-8e26-4123-9d51-c9bf2295ef08, status: 500, message: Internal Server Error, params: {}, body: {}
-- Wed, 15 Apr 2020 16:06:20 GMT, method: POST, path: /users, status: 200, message: The user has been created, params: {}, body: {"name":"TEST_USER","login":"test_user","password":"T35t_P@55w0rd"}
-- Wed, 15 Apr 2020 16:06:20 GMT, method: PUT, path: /users/1e59b228-7845-49bf-b9f3-5b3568d14a3c, status: 500, message: Internal Server Error, params: {}, body: {"name":"Autotest updated TEST_USER","login":"test_user","password":"T35t_P@55w0rd","id":"1e59b228-7845-49bf-b9f3-5b3568d14a3c"}
-- Wed, 15 Apr 2020 16:06:20 GMT, method: POST, path: /users, status: 200, message: The user has been created, params: {}, body: {"name":"TEST_USER","login":"test_user","password":"T35t_P@55w0rd"}
-- Wed, 15 Apr 2020 16:06:20 GMT, method: DELETE, path: /users/f9a7017d-5998-41e6-b808-264c82cf6e27, status: 500, message: Internal Server Error, params: {}, body: {}
-- Wed, 15 Apr 2020 16:06:20 GMT, method: POST, path: /users, status: 200, message: The user has been created, params: {}, body: {"name":"TEST_USER","login":"test_user","password":"T35t_P@55w0rd"}
-- Wed, 15 Apr 2020 16:06:20 GMT, method: POST, path: /boards, status: 200, message: The board has been created, params: {}, body: {"title":"Autotest board","columns":[{"title":"Backlog","order":1},{"title":"Sprint","order":2}]}
-- Wed, 15 Apr 2020 16:06:20 GMT, method: POST, path: /boards/75a2d356-a4af-4487-be2b-3602c3d5a775/tasks, status: 200, message: The task has been created, params: {}, body: {"title":"Task #2","order":2,"description":"Lorem ipsum","userId":"63489789-da07-4d62-8861-2bcb99c80612","boardId":"75a2d356-a4af-4487-be2b-3602c3d5a775"}
-- Wed, 15 Apr 2020 16:06:20 GMT, method: POST, path: /boards/75a2d356-a4af-4487-be2b-3602c3d5a775/tasks, status: 200, message: The task has been created, params: {}, body: {"title":"Task #1","order":1,"description":"Lorem ipsum","userId":"63489789-da07-4d62-8861-2bcb99c80612","boardId":"75a2d356-a4af-4487-be2b-3602c3d5a775"}
-- Wed, 15 Apr 2020 16:06:20 GMT, method: DELETE, path: /users/63489789-da07-4d62-8861-2bcb99c80612, status: 500, message: Internal Server Error, params: {}, body: {}
-- Wed, 15 Apr 2020 16:09:15 GMT, method: POST, path: /users, status: 200, message: The user has been created, params: {}, body: {"name":"string","login":"string","password":"string"}
-- Wed, 15 Apr 2020 16:10:00 GMT, method: GET, path: /users/1de5c422-0a84-4169-9ae1-0e2ecff9b9a3, status: 200, message: OK, params: {}, body: {}
-- Wed, 15 Apr 2020 16:13:50 GMT, method: GET, path: /users, status: 500, message: Internal Server Error, params: {}, body: {}
-- Wed, 15 Apr 2020 16:14:43 GMT, method: GET, path: /users, status: 200, message: OK, params: {}, body: {}
-- Wed, 15 Apr 2020 16:15:00 GMT, method: POST, path: /users, status: 200, message: The user has been created, params: {}, body: {"name":"string","login":"string","password":"string"}
-- Wed, 15 Apr 2020 16:15:05 GMT, method: GET, path: /users, status: 200, message: OK, params: {}, body: {}
-- Wed, 15 Apr 2020 16:16:33 GMT, method: POST, path: /boards, status: 200, message: The board has been created, params: {}, body: {"title":"Autotest board","columns":[{"title":"Backlog","order":1},{"title":"Sprint","order":2}]}
-- Wed, 15 Apr 2020 16:16:33 GMT, method: POST, path: /boards, status: 200, message: The board has been created, params: {}, body: {"title":"Autotest board","columns":[{"title":"Backlog","order":1},{"title":"Sprint","order":2}]}
-- Wed, 15 Apr 2020 16:16:33 GMT, method: POST, path: /boards/2a151aac-f3a4-4601-af6f-8d046f3cbb0f/tasks, status: 200, message: The task has been created, params: {}, body: {"title":"Autotest task","order":0,"description":"Lorem ipsum","userId":null,"boardId":null,"columnId":null}
-- Wed, 15 Apr 2020 16:16:33 GMT, method: GET, path: /boards, status: 200, message: OK, params: {}, body: {}
-- Wed, 15 Apr 2020 16:16:33 GMT, method: GET, path: /boards/2a151aac-f3a4-4601-af6f-8d046f3cbb0f/tasks, status: 200, message: OK, params: {}, body: {}
-- Wed, 15 Apr 2020 16:16:33 GMT, method: GET, path: /boards, status: 200, message: OK, params: {}, body: {}
-- Wed, 15 Apr 2020 16:16:33 GMT, method: GET, path: /boards/2a151aac-f3a4-4601-af6f-8d046f3cbb0f/tasks, status: 200, message: OK, params: {}, body: {}
-- Wed, 15 Apr 2020 16:16:33 GMT, method: GET, path: /boards/c4134efe-3bed-4789-87d9-3dfb94767ad0, status: 200, message: OK, params: {}, body: {}
-- Wed, 15 Apr 2020 16:16:33 GMT, method: GET, path: /boards/2a151aac-f3a4-4601-af6f-8d046f3cbb0f/tasks/6c5b76f9-09a8-4939-aad9-fe733a20a52e, status: 200, message: OK, params: {}, body: {}
-- Wed, 15 Apr 2020 16:16:33 GMT, method: POST, path: /boards, status: 200, message: The board has been created, params: {}, body: {"title":"Autotest board","columns":[{"title":"Backlog","order":1},{"title":"Sprint","order":2}]}
-- Wed, 15 Apr 2020 16:16:33 GMT, method: POST, path: /boards/2a151aac-f3a4-4601-af6f-8d046f3cbb0f/tasks, status: 200, message: The task has been created, params: {}, body: {"title":"Autotest task","order":0,"description":"Lorem ipsum","userId":null,"boardId":null,"columnId":null}
-- Wed, 15 Apr 2020 16:16:33 GMT, method: DELETE, path: /boards/2edf3c8f-a779-437f-9f1c-da278202a012, status: 204, message: No Content, params: {}, body: {}
-- Wed, 15 Apr 2020 16:16:33 GMT, method: DELETE, path: /boards/2a151aac-f3a4-4601-af6f-8d046f3cbb0f/tasks/065d162b-3a92-4a52-af7a-063bf7e2b409, status: 204, message: No Content, params: {}, body: {}
-- Wed, 15 Apr 2020 16:16:33 GMT, method: POST, path: /boards, status: 200, message: The board has been created, params: {}, body: {"title":"Autotest board","columns":[{"title":"Backlog","order":1},{"title":"Sprint","order":2}]}
-- Wed, 15 Apr 2020 16:16:33 GMT, method: POST, path: /boards/2a151aac-f3a4-4601-af6f-8d046f3cbb0f/tasks, status: 200, message: The task has been created, params: {}, body: {"title":"Autotest task","order":0,"description":"Lorem ipsum","userId":null,"boardId":null,"columnId":null}
-- Wed, 15 Apr 2020 16:16:33 GMT, method: PUT, path: /boards/6325264f-117e-4222-8585-937936d2edb1, status: 200, message: OK, params: {}, body: {"id":"6325264f-117e-4222-8585-937936d2edb1","title":"Autotest updated board","columns":[{"title":"Backlog","order":1},{"title":"Sprint","order":2}]}
-- Wed, 15 Apr 2020 16:16:33 GMT, method: PUT, path: /boards/2a151aac-f3a4-4601-af6f-8d046f3cbb0f/tasks/91a91af7-34e8-49de-bb3e-3a08df5a6da1, status: 200, message: The task has been updated, params: {}, body: {"id":"91a91af7-34e8-49de-bb3e-3a08df5a6da1","title":"Autotest updated task","order":0,"description":"Lorem ipsum","userId":null,"boardId":"2a151aac-f3a4-4601-af6f-8d046f3cbb0f","columnId":null}
-- Wed, 15 Apr 2020 16:16:33 GMT, method: GET, path: /boards/6325264f-117e-4222-8585-937936d2edb1, status: 200, message: OK, params: {}, body: {}
-- Wed, 15 Apr 2020 16:16:33 GMT, method: GET, path: /boards/2a151aac-f3a4-4601-af6f-8d046f3cbb0f/tasks/91a91af7-34e8-49de-bb3e-3a08df5a6da1, status: 200, message: OK, params: {}, body: {}
-- Wed, 15 Apr 2020 16:16:33 GMT, method: DELETE, path: /boards/6325264f-117e-4222-8585-937936d2edb1, status: 204, message: No Content, params: {}, body: {}
-- Wed, 15 Apr 2020 16:16:33 GMT, method: GET, path: /boards/2a151aac-f3a4-4601-af6f-8d046f3cbb0f/tasks/6c5b76f9-09a8-4939-aad9-fe733a20a52e, status: 200, message: OK, params: {}, body: {}
-- Wed, 15 Apr 2020 16:16:33 GMT, method: GET, path: /boards, status: 200, message: OK, params: {}, body: {}
-- Wed, 15 Apr 2020 16:16:33 GMT, method: DELETE, path: /boards/2a151aac-f3a4-4601-af6f-8d046f3cbb0f/tasks/6c5b76f9-09a8-4939-aad9-fe733a20a52e, status: 204, message: No Content, params: {}, body: {}
-- Wed, 15 Apr 2020 16:16:33 GMT, method: DELETE, path: /boards/c4134efe-3bed-4789-87d9-3dfb94767ad0, status: 204, message: No Content, params: {}, body: {}
-- Wed, 15 Apr 2020 16:16:33 GMT, method: GET, path: /boards/6c5b76f9-09a8-4939-aad9-fe733a20a52e/tasks/undefined, status: 404, message: Not Found, params: {}, body: {}
-- Wed, 15 Apr 2020 16:16:33 GMT, method: GET, path: /boards/c4134efe-3bed-4789-87d9-3dfb94767ad0, status: 404, message: Not Found, params: {}, body: {}
-- Wed, 15 Apr 2020 16:16:33 GMT, method: DELETE, path: /boards/2a151aac-f3a4-4601-af6f-8d046f3cbb0f, status: 204, message: No Content, params: {}, body: {}
-- Wed, 15 Apr 2020 16:16:33 GMT, method: POST, path: /boards, status: 200, message: The board has been created, params: {}, body: {"title":"Autotest board","columns":[{"title":"Backlog","order":1},{"title":"Sprint","order":2}]}
-- Wed, 15 Apr 2020 16:16:33 GMT, method: POST, path: /boards/b2114db1-acfd-4694-9c83-ce6f7f664cba/tasks, status: 200, message: The task has been created, params: {}, body: {"title":"Task #2","order":2,"description":"Lorem ipsum","boardId":"b2114db1-acfd-4694-9c83-ce6f7f664cba","userId":null,"columnId":null}
-- Wed, 15 Apr 2020 16:16:33 GMT, method: POST, path: /boards/b2114db1-acfd-4694-9c83-ce6f7f664cba/tasks, status: 200, message: The task has been created, params: {}, body: {"title":"Task #1","order":1,"description":"Lorem ipsum","boardId":"b2114db1-acfd-4694-9c83-ce6f7f664cba","userId":null,"columnId":null}
-- Wed, 15 Apr 2020 16:16:33 GMT, method: POST, path: /boards/b2114db1-acfd-4694-9c83-ce6f7f664cba/tasks, status: 200, message: The task has been created, params: {}, body: {"title":"Task #4","order":4,"description":"Lorem ipsum","boardId":"b2114db1-acfd-4694-9c83-ce6f7f664cba","userId":null,"columnId":null}
-- Wed, 15 Apr 2020 16:16:33 GMT, method: POST, path: /boards/b2114db1-acfd-4694-9c83-ce6f7f664cba/tasks, status: 200, message: The task has been created, params: {}, body: {"title":"Task #3","order":3,"description":"Lorem ipsum","boardId":"b2114db1-acfd-4694-9c83-ce6f7f664cba","userId":null,"columnId":null}
-- Wed, 15 Apr 2020 16:16:33 GMT, method: POST, path: /boards/b2114db1-acfd-4694-9c83-ce6f7f664cba/tasks, status: 200, message: The task has been created, params: {}, body: {"title":"Task #5","order":5,"description":"Lorem ipsum","boardId":"b2114db1-acfd-4694-9c83-ce6f7f664cba","userId":null,"columnId":null}
-- Wed, 15 Apr 2020 16:16:33 GMT, method: GET, path: /boards/b2114db1-acfd-4694-9c83-ce6f7f664cba/tasks/eb78005b-ab62-44a5-aa80-de7fc4b3639f, status: 200, message: OK, params: {}, body: {}
-- Wed, 15 Apr 2020 16:16:33 GMT, method: GET, path: /boards/b2114db1-acfd-4694-9c83-ce6f7f664cba/tasks/f3152ea0-c76c-4b7b-93bc-b8b44dbc1ced, status: 200, message: OK, params: {}, body: {}
-- Wed, 15 Apr 2020 16:16:33 GMT, method: GET, path: /boards/b2114db1-acfd-4694-9c83-ce6f7f664cba/tasks/55e82323-c601-41df-b993-4d739b705863, status: 200, message: OK, params: {}, body: {}
-- Wed, 15 Apr 2020 16:16:33 GMT, method: GET, path: /boards/b2114db1-acfd-4694-9c83-ce6f7f664cba/tasks/b13d5f8b-21aa-4712-95e7-5ec8f0c7fcc3, status: 200, message: OK, params: {}, body: {}
-- Wed, 15 Apr 2020 16:16:33 GMT, method: GET, path: /boards/b2114db1-acfd-4694-9c83-ce6f7f664cba/tasks/ba5185f5-fc08-4317-b2b9-0ca4bed095f0, status: 200, message: OK, params: {}, body: {}
-- Wed, 15 Apr 2020 16:16:33 GMT, method: DELETE, path: /boards/b2114db1-acfd-4694-9c83-ce6f7f664cba, status: 204, message: No Content, params: {}, body: {}
-- Wed, 15 Apr 2020 16:16:33 GMT, method: GET, path: /boards/b2114db1-acfd-4694-9c83-ce6f7f664cba/tasks/f3152ea0-c76c-4b7b-93bc-b8b44dbc1ced, status: 404, message: Not Found, params: {}, body: {}
-- Wed, 15 Apr 2020 16:16:33 GMT, method: GET, path: /boards/b2114db1-acfd-4694-9c83-ce6f7f664cba/tasks/eb78005b-ab62-44a5-aa80-de7fc4b3639f, status: 404, message: Not Found, params: {}, body: {}
-- Wed, 15 Apr 2020 16:16:33 GMT, method: GET, path: /boards/b2114db1-acfd-4694-9c83-ce6f7f664cba/tasks/b13d5f8b-21aa-4712-95e7-5ec8f0c7fcc3, status: 404, message: Not Found, params: {}, body: {}
-- Wed, 15 Apr 2020 16:16:33 GMT, method: GET, path: /boards/b2114db1-acfd-4694-9c83-ce6f7f664cba/tasks/55e82323-c601-41df-b993-4d739b705863, status: 404, message: Not Found, params: {}, body: {}
-- Wed, 15 Apr 2020 16:16:33 GMT, method: GET, path: /boards/b2114db1-acfd-4694-9c83-ce6f7f664cba/tasks/ba5185f5-fc08-4317-b2b9-0ca4bed095f0, status: 404, message: Not Found, params: {}, body: {}
-- Wed, 15 Apr 2020 16:16:33 GMT, method: GET, path: /users, status: 200, message: OK, params: {}, body: {}
-- Wed, 15 Apr 2020 16:16:33 GMT, method: POST, path: /users, status: 200, message: The user has been created, params: {}, body: {"name":"TEST_USER","login":"test_user","password":"T35t_P@55w0rd"}
-- Wed, 15 Apr 2020 16:16:33 GMT, method: GET, path: /users, status: 200, message: OK, params: {}, body: {}
-- Wed, 15 Apr 2020 16:16:34 GMT, method: GET, path: /users/99fe2a8c-5637-4496-b08d-83f39fd95a1e, status: 200, message: OK, params: {}, body: {}
-- Wed, 15 Apr 2020 16:16:34 GMT, method: DELETE, path: /users/99fe2a8c-5637-4496-b08d-83f39fd95a1e, status: 500, message: Internal Server Error, params: {}, body: {}
-- Wed, 15 Apr 2020 16:16:34 GMT, method: POST, path: /users, status: 200, message: The user has been created, params: {}, body: {"name":"TEST_USER","login":"test_user","password":"T35t_P@55w0rd"}
-- Wed, 15 Apr 2020 16:16:34 GMT, method: DELETE, path: /users/6400b30d-6518-472c-8f63-317251c8ac5d, status: 500, message: Internal Server Error, params: {}, body: {}
-- Wed, 15 Apr 2020 16:16:34 GMT, method: POST, path: /users, status: 200, message: The user has been created, params: {}, body: {"name":"TEST_USER","login":"test_user","password":"T35t_P@55w0rd"}
-- Wed, 15 Apr 2020 16:16:34 GMT, method: PUT, path: /users/96113f28-8c4f-430f-b6be-3cff2943cdb6, status: 500, message: Internal Server Error, params: {}, body: {"name":"Autotest updated TEST_USER","login":"test_user","password":"T35t_P@55w0rd","id":"96113f28-8c4f-430f-b6be-3cff2943cdb6"}
-- Wed, 15 Apr 2020 16:16:34 GMT, method: POST, path: /users, status: 200, message: The user has been created, params: {}, body: {"name":"TEST_USER","login":"test_user","password":"T35t_P@55w0rd"}
-- Wed, 15 Apr 2020 16:16:34 GMT, method: DELETE, path: /users/b345aa58-2c05-46cf-96d0-c3518eeaad44, status: 500, message: Internal Server Error, params: {}, body: {}
-- Wed, 15 Apr 2020 16:16:34 GMT, method: POST, path: /users, status: 200, message: The user has been created, params: {}, body: {"name":"TEST_USER","login":"test_user","password":"T35t_P@55w0rd"}
-- Wed, 15 Apr 2020 16:16:34 GMT, method: POST, path: /boards, status: 200, message: The board has been created, params: {}, body: {"title":"Autotest board","columns":[{"title":"Backlog","order":1},{"title":"Sprint","order":2}]}
-- Wed, 15 Apr 2020 16:16:34 GMT, method: POST, path: /boards/f6f433ad-0203-4594-95ab-769b9718e79c/tasks, status: 200, message: The task has been created, params: {}, body: {"title":"Task #2","order":2,"description":"Lorem ipsum","userId":"399be753-5638-4f29-b625-a496933f40cf","boardId":"f6f433ad-0203-4594-95ab-769b9718e79c"}
-- Wed, 15 Apr 2020 16:16:34 GMT, method: POST, path: /boards/f6f433ad-0203-4594-95ab-769b9718e79c/tasks, status: 200, message: The task has been created, params: {}, body: {"title":"Task #1","order":1,"description":"Lorem ipsum","userId":"399be753-5638-4f29-b625-a496933f40cf","boardId":"f6f433ad-0203-4594-95ab-769b9718e79c"}
-- Wed, 15 Apr 2020 16:16:34 GMT, method: DELETE, path: /users/399be753-5638-4f29-b625-a496933f40cf, status: 500, message: Internal Server Error, params: {}, body: {}
-- Wed, 15 Apr 2020 16:18:48 GMT, method: POST, path: /boards, status: 200, message: The board has been created, params: {}, body: {"title":"Autotest board","columns":[{"title":"Backlog","order":1},{"title":"Sprint","order":2}]}
-- Wed, 15 Apr 2020 16:18:48 GMT, method: POST, path: /boards, status: 200, message: The board has been created, params: {}, body: {"title":"Autotest board","columns":[{"title":"Backlog","order":1},{"title":"Sprint","order":2}]}
-- Wed, 15 Apr 2020 16:18:48 GMT, method: GET, path: /boards, status: 200, message: OK, params: {}, body: {}
-- Wed, 15 Apr 2020 16:18:48 GMT, method: POST, path: /boards/62de366f-9ab4-4595-9186-f1a91bc98eba/tasks, status: 200, message: The task has been created, params: {}, body: {"title":"Autotest task","order":0,"description":"Lorem ipsum","userId":null,"boardId":null,"columnId":null}
-- Wed, 15 Apr 2020 16:18:48 GMT, method: GET, path: /boards/62de366f-9ab4-4595-9186-f1a91bc98eba/tasks, status: 200, message: OK, params: {}, body: {}
-- Wed, 15 Apr 2020 16:18:48 GMT, method: GET, path: /boards, status: 200, message: OK, params: {}, body: {}
-- Wed, 15 Apr 2020 16:18:48 GMT, method: GET, path: /boards/8113ecb6-0f05-4b4f-a944-d5d79746a684, status: 200, message: OK, params: {}, body: {}
-- Wed, 15 Apr 2020 16:18:48 GMT, method: GET, path: /boards/62de366f-9ab4-4595-9186-f1a91bc98eba/tasks, status: 200, message: OK, params: {}, body: {}
-- Wed, 15 Apr 2020 16:18:48 GMT, method: POST, path: /boards, status: 200, message: The board has been created, params: {}, body: {"title":"Autotest board","columns":[{"title":"Backlog","order":1},{"title":"Sprint","order":2}]}
-- Wed, 15 Apr 2020 16:18:48 GMT, method: GET, path: /boards/62de366f-9ab4-4595-9186-f1a91bc98eba/tasks/57423a51-f956-4499-8cf6-390c1902066c, status: 200, message: OK, params: {}, body: {}
-- Wed, 15 Apr 2020 16:18:48 GMT, method: DELETE, path: /boards/cc6ad062-f07c-4822-8474-fc9b52ff0b22, status: 204, message: No Content, params: {}, body: {}
-- Wed, 15 Apr 2020 16:18:48 GMT, method: POST, path: /boards/62de366f-9ab4-4595-9186-f1a91bc98eba/tasks, status: 200, message: The task has been created, params: {}, body: {"title":"Autotest task","order":0,"description":"Lorem ipsum","userId":null,"boardId":null,"columnId":null}
-- Wed, 15 Apr 2020 16:18:48 GMT, method: POST, path: /boards, status: 200, message: The board has been created, params: {}, body: {"title":"Autotest board","columns":[{"title":"Backlog","order":1},{"title":"Sprint","order":2}]}
-- Wed, 15 Apr 2020 16:18:48 GMT, method: PUT, path: /boards/63508fcb-c55c-43b7-8065-67c17b929ab0, status: 200, message: OK, params: {}, body: {"id":"63508fcb-c55c-43b7-8065-67c17b929ab0","title":"Autotest updated board","columns":[{"title":"Backlog","order":1},{"title":"Sprint","order":2}]}
-- Wed, 15 Apr 2020 16:18:48 GMT, method: DELETE, path: /boards/62de366f-9ab4-4595-9186-f1a91bc98eba/tasks/a18360fd-e738-4d2b-a989-0678cf3a05e0, status: 204, message: No Content, params: {}, body: {}
-- Wed, 15 Apr 2020 16:18:48 GMT, method: GET, path: /boards/63508fcb-c55c-43b7-8065-67c17b929ab0, status: 200, message: OK, params: {}, body: {}
-- Wed, 15 Apr 2020 16:18:48 GMT, method: POST, path: /boards/62de366f-9ab4-4595-9186-f1a91bc98eba/tasks, status: 200, message: The task has been created, params: {}, body: {"title":"Autotest task","order":0,"description":"Lorem ipsum","userId":null,"boardId":null,"columnId":null}
-- Wed, 15 Apr 2020 16:18:48 GMT, method: DELETE, path: /boards/63508fcb-c55c-43b7-8065-67c17b929ab0, status: 204, message: No Content, params: {}, body: {}
-- Wed, 15 Apr 2020 16:18:48 GMT, method: PUT, path: /boards/62de366f-9ab4-4595-9186-f1a91bc98eba/tasks/2e194cae-ee5d-4574-b64a-d8d402e77d61, status: 200, message: The task has been updated, params: {}, body: {"id":"2e194cae-ee5d-4574-b64a-d8d402e77d61","title":"Autotest updated task","order":0,"description":"Lorem ipsum","userId":null,"boardId":"62de366f-9ab4-4595-9186-f1a91bc98eba","columnId":null}
-- Wed, 15 Apr 2020 16:18:48 GMT, method: GET, path: /boards, status: 200, message: OK, params: {}, body: {}
-- Wed, 15 Apr 2020 16:18:48 GMT, method: GET, path: /boards/62de366f-9ab4-4595-9186-f1a91bc98eba/tasks/2e194cae-ee5d-4574-b64a-d8d402e77d61, status: 200, message: OK, params: {}, body: {}
-- Wed, 15 Apr 2020 16:18:48 GMT, method: DELETE, path: /boards/8113ecb6-0f05-4b4f-a944-d5d79746a684, status: 204, message: No Content, params: {}, body: {}
-- Wed, 15 Apr 2020 16:18:48 GMT, method: GET, path: /boards/8113ecb6-0f05-4b4f-a944-d5d79746a684, status: 404, message: Not Found, params: {}, body: {}
-- Wed, 15 Apr 2020 16:18:48 GMT, method: GET, path: /boards/62de366f-9ab4-4595-9186-f1a91bc98eba/tasks/57423a51-f956-4499-8cf6-390c1902066c, status: 200, message: OK, params: {}, body: {}
-- Wed, 15 Apr 2020 16:18:48 GMT, method: POST, path: /boards, status: 200, message: The board has been created, params: {}, body: {"title":"Autotest board","columns":[{"title":"Backlog","order":1},{"title":"Sprint","order":2}]}
-- Wed, 15 Apr 2020 16:18:48 GMT, method: DELETE, path: /boards/62de366f-9ab4-4595-9186-f1a91bc98eba/tasks/57423a51-f956-4499-8cf6-390c1902066c, status: 204, message: No Content, params: {}, body: {}
-- Wed, 15 Apr 2020 16:18:48 GMT, method: POST, path: /boards/574cc7f1-9161-480a-b3af-b7310ac224a5/tasks, status: 200, message: The task has been created, params: {}, body: {"title":"Task #1","order":1,"description":"Lorem ipsum","boardId":"574cc7f1-9161-480a-b3af-b7310ac224a5","userId":null,"columnId":null}
-- Wed, 15 Apr 2020 16:18:48 GMT, method: GET, path: /boards/57423a51-f956-4499-8cf6-390c1902066c/tasks/undefined, status: 404, message: Not Found, params: {}, body: {}
-- Wed, 15 Apr 2020 16:18:48 GMT, method: POST, path: /boards/574cc7f1-9161-480a-b3af-b7310ac224a5/tasks, status: 200, message: The task has been created, params: {}, body: {"title":"Task #2","order":2,"description":"Lorem ipsum","boardId":"574cc7f1-9161-480a-b3af-b7310ac224a5","userId":null,"columnId":null}
-- Wed, 15 Apr 2020 16:18:48 GMT, method: POST, path: /boards/574cc7f1-9161-480a-b3af-b7310ac224a5/tasks, status: 200, message: The task has been created, params: {}, body: {"title":"Task #3","order":3,"description":"Lorem ipsum","boardId":"574cc7f1-9161-480a-b3af-b7310ac224a5","userId":null,"columnId":null}
-- Wed, 15 Apr 2020 16:18:48 GMT, method: POST, path: /boards/574cc7f1-9161-480a-b3af-b7310ac224a5/tasks, status: 200, message: The task has been created, params: {}, body: {"title":"Task #5","order":5,"description":"Lorem ipsum","boardId":"574cc7f1-9161-480a-b3af-b7310ac224a5","userId":null,"columnId":null}
-- Wed, 15 Apr 2020 16:18:48 GMT, method: POST, path: /boards/574cc7f1-9161-480a-b3af-b7310ac224a5/tasks, status: 200, message: The task has been created, params: {}, body: {"title":"Task #4","order":4,"description":"Lorem ipsum","boardId":"574cc7f1-9161-480a-b3af-b7310ac224a5","userId":null,"columnId":null}
-- Wed, 15 Apr 2020 16:18:48 GMT, method: DELETE, path: /boards/62de366f-9ab4-4595-9186-f1a91bc98eba, status: 204, message: No Content, params: {}, body: {}
-- Wed, 15 Apr 2020 16:18:48 GMT, method: GET, path: /boards/574cc7f1-9161-480a-b3af-b7310ac224a5/tasks/a2907d9c-d40a-4499-afeb-bc273184febc, status: 200, message: OK, params: {}, body: {}
-- Wed, 15 Apr 2020 16:18:48 GMT, method: GET, path: /boards/574cc7f1-9161-480a-b3af-b7310ac224a5/tasks/f31b03c9-7381-4177-a86c-190fc3214c2e, status: 200, message: OK, params: {}, body: {}
-- Wed, 15 Apr 2020 16:18:48 GMT, method: GET, path: /boards/574cc7f1-9161-480a-b3af-b7310ac224a5/tasks/09dc929a-3f25-4885-b03c-cf7e67a38dbf, status: 200, message: OK, params: {}, body: {}
-- Wed, 15 Apr 2020 16:18:48 GMT, method: GET, path: /boards/574cc7f1-9161-480a-b3af-b7310ac224a5/tasks/20fa624e-9141-4f2a-8035-c1f252d2015a, status: 200, message: OK, params: {}, body: {}
-- Wed, 15 Apr 2020 16:18:48 GMT, method: GET, path: /boards/574cc7f1-9161-480a-b3af-b7310ac224a5/tasks/c3b4ffd3-8387-49fb-a6e8-c03071a6c96a, status: 200, message: OK, params: {}, body: {}
-- Wed, 15 Apr 2020 16:18:48 GMT, method: DELETE, path: /boards/574cc7f1-9161-480a-b3af-b7310ac224a5, status: 204, message: No Content, params: {}, body: {}
-- Wed, 15 Apr 2020 16:18:48 GMT, method: GET, path: /users, status: 200, message: OK, params: {}, body: {}
-- Wed, 15 Apr 2020 16:18:48 GMT, method: GET, path: /boards/574cc7f1-9161-480a-b3af-b7310ac224a5/tasks/f31b03c9-7381-4177-a86c-190fc3214c2e, status: 404, message: Not Found, params: {}, body: {}
-- Wed, 15 Apr 2020 16:18:48 GMT, method: GET, path: /boards/574cc7f1-9161-480a-b3af-b7310ac224a5/tasks/a2907d9c-d40a-4499-afeb-bc273184febc, status: 404, message: Not Found, params: {}, body: {}
-- Wed, 15 Apr 2020 16:18:48 GMT, method: GET, path: /boards/574cc7f1-9161-480a-b3af-b7310ac224a5/tasks/c3b4ffd3-8387-49fb-a6e8-c03071a6c96a, status: 404, message: Not Found, params: {}, body: {}
-- Wed, 15 Apr 2020 16:18:48 GMT, method: GET, path: /boards/574cc7f1-9161-480a-b3af-b7310ac224a5/tasks/09dc929a-3f25-4885-b03c-cf7e67a38dbf, status: 404, message: Not Found, params: {}, body: {}
-- Wed, 15 Apr 2020 16:18:48 GMT, method: GET, path: /boards/574cc7f1-9161-480a-b3af-b7310ac224a5/tasks/20fa624e-9141-4f2a-8035-c1f252d2015a, status: 404, message: Not Found, params: {}, body: {}
-- Wed, 15 Apr 2020 16:18:48 GMT, method: POST, path: /users, status: 200, message: The user has been created, params: {}, body: {"name":"TEST_USER","login":"test_user","password":"T35t_P@55w0rd"}
-- Wed, 15 Apr 2020 16:18:49 GMT, method: GET, path: /users, status: 200, message: OK, params: {}, body: {}
-- Wed, 15 Apr 2020 16:18:49 GMT, method: GET, path: /users/48900e14-9954-4936-a814-b251b2f0e9fa, status: 200, message: OK, params: {}, body: {}
-- Wed, 15 Apr 2020 16:18:49 GMT, method: DELETE, path: /users/48900e14-9954-4936-a814-b251b2f0e9fa, status: 500, message: Internal Server Error, params: {}, body: {}
-- Wed, 15 Apr 2020 16:18:49 GMT, method: POST, path: /users, status: 200, message: The user has been created, params: {}, body: {"name":"TEST_USER","login":"test_user","password":"T35t_P@55w0rd"}
-- Wed, 15 Apr 2020 16:18:49 GMT, method: DELETE, path: /users/03596d6b-7d69-43c9-9223-f85418585195, status: 500, message: Internal Server Error, params: {}, body: {}
-- Wed, 15 Apr 2020 16:18:49 GMT, method: POST, path: /users, status: 200, message: The user has been created, params: {}, body: {"name":"TEST_USER","login":"test_user","password":"T35t_P@55w0rd"}
-- Wed, 15 Apr 2020 16:18:49 GMT, method: PUT, path: /users/49edd19b-3ede-4808-b086-824bd2bb7f1e, status: 200, message: The user has been updated, params: {}, body: {"name":"Autotest updated TEST_USER","login":"test_user","password":"T35t_P@55w0rd","id":"49edd19b-3ede-4808-b086-824bd2bb7f1e"}
-- Wed, 15 Apr 2020 16:18:49 GMT, method: GET, path: /users/49edd19b-3ede-4808-b086-824bd2bb7f1e, status: 200, message: OK, params: {}, body: {}
-- Wed, 15 Apr 2020 16:18:49 GMT, method: DELETE, path: /users/49edd19b-3ede-4808-b086-824bd2bb7f1e, status: 500, message: Internal Server Error, params: {}, body: {}
-- Wed, 15 Apr 2020 16:18:49 GMT, method: POST, path: /users, status: 200, message: The user has been created, params: {}, body: {"name":"TEST_USER","login":"test_user","password":"T35t_P@55w0rd"}
-- Wed, 15 Apr 2020 16:18:49 GMT, method: DELETE, path: /users/12ae6641-5faa-4997-b26a-c72f73dc0713, status: 500, message: Internal Server Error, params: {}, body: {}
-- Wed, 15 Apr 2020 16:18:49 GMT, method: POST, path: /users, status: 200, message: The user has been created, params: {}, body: {"name":"TEST_USER","login":"test_user","password":"T35t_P@55w0rd"}
-- Wed, 15 Apr 2020 16:18:49 GMT, method: POST, path: /boards, status: 200, message: The board has been created, params: {}, body: {"title":"Autotest board","columns":[{"title":"Backlog","order":1},{"title":"Sprint","order":2}]}
-- Wed, 15 Apr 2020 16:18:49 GMT, method: POST, path: /boards/b45d0a28-182a-4e82-b305-1d4b34cbcb20/tasks, status: 200, message: The task has been created, params: {}, body: {"title":"Task #2","order":2,"description":"Lorem ipsum","userId":"8650e9da-8545-4e2c-a262-4e70b407fa86","boardId":"b45d0a28-182a-4e82-b305-1d4b34cbcb20"}
-- Wed, 15 Apr 2020 16:18:49 GMT, method: POST, path: /boards/b45d0a28-182a-4e82-b305-1d4b34cbcb20/tasks, status: 200, message: The task has been created, params: {}, body: {"title":"Task #1","order":1,"description":"Lorem ipsum","userId":"8650e9da-8545-4e2c-a262-4e70b407fa86","boardId":"b45d0a28-182a-4e82-b305-1d4b34cbcb20"}
-- Wed, 15 Apr 2020 16:18:49 GMT, method: DELETE, path: /users/8650e9da-8545-4e2c-a262-4e70b407fa86, status: 500, message: Internal Server Error, params: {}, body: {}
-- Wed, 15 Apr 2020 16:19:10 GMT, method: POST, path: /boards, status: 200, message: The board has been created, params: {}, body: {"title":"Autotest board","columns":[{"title":"Backlog","order":1},{"title":"Sprint","order":2}]}
-- Wed, 15 Apr 2020 16:19:10 GMT, method: POST, path: /boards, status: 200, message: The board has been created, params: {}, body: {"title":"Autotest board","columns":[{"title":"Backlog","order":1},{"title":"Sprint","order":2}]}
-- Wed, 15 Apr 2020 16:19:10 GMT, method: POST, path: /boards/35ae0216-ff76-47bb-91c6-3ed1307bbf35/tasks, status: 200, message: The task has been created, params: {}, body: {"title":"Autotest task","order":0,"description":"Lorem ipsum","userId":null,"boardId":null,"columnId":null}
-- Wed, 15 Apr 2020 16:19:10 GMT, method: GET, path: /boards, status: 200, message: OK, params: {}, body: {}
-- Wed, 15 Apr 2020 16:19:10 GMT, method: GET, path: /boards/35ae0216-ff76-47bb-91c6-3ed1307bbf35/tasks, status: 200, message: OK, params: {}, body: {}
-- Wed, 15 Apr 2020 16:19:10 GMT, method: GET, path: /boards, status: 200, message: OK, params: {}, body: {}
-- Wed, 15 Apr 2020 16:19:10 GMT, method: GET, path: /boards/35ae0216-ff76-47bb-91c6-3ed1307bbf35/tasks, status: 200, message: OK, params: {}, body: {}
-- Wed, 15 Apr 2020 16:19:10 GMT, method: GET, path: /boards/9dc2f6ff-cd6b-4503-ab70-09d0e5c56e27, status: 200, message: OK, params: {}, body: {}
-- Wed, 15 Apr 2020 16:19:10 GMT, method: GET, path: /boards/35ae0216-ff76-47bb-91c6-3ed1307bbf35/tasks/715aebfe-1143-44c6-9570-d20ba6081f38, status: 200, message: OK, params: {}, body: {}
-- Wed, 15 Apr 2020 16:19:10 GMT, method: POST, path: /boards, status: 200, message: The board has been created, params: {}, body: {"title":"Autotest board","columns":[{"title":"Backlog","order":1},{"title":"Sprint","order":2}]}
-- Wed, 15 Apr 2020 16:19:10 GMT, method: POST, path: /boards/35ae0216-ff76-47bb-91c6-3ed1307bbf35/tasks, status: 200, message: The task has been created, params: {}, body: {"title":"Autotest task","order":0,"description":"Lorem ipsum","userId":null,"boardId":null,"columnId":null}
-- Wed, 15 Apr 2020 16:19:10 GMT, method: DELETE, path: /boards/9615c318-0483-4abe-a4e2-280670ab3e10, status: 204, message: No Content, params: {}, body: {}
-- Wed, 15 Apr 2020 16:19:10 GMT, method: DELETE, path: /boards/35ae0216-ff76-47bb-91c6-3ed1307bbf35/tasks/96340c0b-82b0-4058-84df-cc1adfc8d4d8, status: 204, message: No Content, params: {}, body: {}
-- Wed, 15 Apr 2020 16:19:10 GMT, method: POST, path: /boards, status: 200, message: The board has been created, params: {}, body: {"title":"Autotest board","columns":[{"title":"Backlog","order":1},{"title":"Sprint","order":2}]}
-- Wed, 15 Apr 2020 16:19:10 GMT, method: POST, path: /boards/35ae0216-ff76-47bb-91c6-3ed1307bbf35/tasks, status: 200, message: The task has been created, params: {}, body: {"title":"Autotest task","order":0,"description":"Lorem ipsum","userId":null,"boardId":null,"columnId":null}
-- Wed, 15 Apr 2020 16:19:10 GMT, method: PUT, path: /boards/bbc0660c-2854-4227-9892-534f328a5148, status: 200, message: OK, params: {}, body: {"id":"bbc0660c-2854-4227-9892-534f328a5148","title":"Autotest updated board","columns":[{"title":"Backlog","order":1},{"title":"Sprint","order":2}]}
-- Wed, 15 Apr 2020 16:19:10 GMT, method: GET, path: /boards/bbc0660c-2854-4227-9892-534f328a5148, status: 200, message: OK, params: {}, body: {}
-- Wed, 15 Apr 2020 16:19:10 GMT, method: PUT, path: /boards/35ae0216-ff76-47bb-91c6-3ed1307bbf35/tasks/5b58a104-c69c-4c31-9883-e18ebc5fcfd6, status: 200, message: The task has been updated, params: {}, body: {"id":"5b58a104-c69c-4c31-9883-e18ebc5fcfd6","title":"Autotest updated task","order":0,"description":"Lorem ipsum","userId":null,"boardId":"35ae0216-ff76-47bb-91c6-3ed1307bbf35","columnId":null}
-- Wed, 15 Apr 2020 16:19:10 GMT, method: GET, path: /boards/35ae0216-ff76-47bb-91c6-3ed1307bbf35/tasks/5b58a104-c69c-4c31-9883-e18ebc5fcfd6, status: 200, message: OK, params: {}, body: {}
-- Wed, 15 Apr 2020 16:19:10 GMT, method: DELETE, path: /boards/bbc0660c-2854-4227-9892-534f328a5148, status: 204, message: No Content, params: {}, body: {}
-- Wed, 15 Apr 2020 16:19:10 GMT, method: GET, path: /boards/35ae0216-ff76-47bb-91c6-3ed1307bbf35/tasks/715aebfe-1143-44c6-9570-d20ba6081f38, status: 200, message: OK, params: {}, body: {}
-- Wed, 15 Apr 2020 16:19:10 GMT, method: GET, path: /boards, status: 200, message: OK, params: {}, body: {}
-- Wed, 15 Apr 2020 16:19:10 GMT, method: DELETE, path: /boards/35ae0216-ff76-47bb-91c6-3ed1307bbf35/tasks/715aebfe-1143-44c6-9570-d20ba6081f38, status: 204, message: No Content, params: {}, body: {}
-- Wed, 15 Apr 2020 16:19:10 GMT, method: DELETE, path: /boards/9dc2f6ff-cd6b-4503-ab70-09d0e5c56e27, status: 204, message: No Content, params: {}, body: {}
-- Wed, 15 Apr 2020 16:19:10 GMT, method: GET, path: /boards/715aebfe-1143-44c6-9570-d20ba6081f38/tasks/undefined, status: 404, message: Not Found, params: {}, body: {}
-- Wed, 15 Apr 2020 16:19:10 GMT, method: GET, path: /boards/9dc2f6ff-cd6b-4503-ab70-09d0e5c56e27, status: 404, message: Not Found, params: {}, body: {}
-- Wed, 15 Apr 2020 16:19:10 GMT, method: DELETE, path: /boards/35ae0216-ff76-47bb-91c6-3ed1307bbf35, status: 204, message: No Content, params: {}, body: {}
-- Wed, 15 Apr 2020 16:19:10 GMT, method: POST, path: /boards, status: 200, message: The board has been created, params: {}, body: {"title":"Autotest board","columns":[{"title":"Backlog","order":1},{"title":"Sprint","order":2}]}
-- Wed, 15 Apr 2020 16:19:10 GMT, method: POST, path: /boards/b4db3d83-ce34-4af4-a0a0-f11b316efd71/tasks, status: 200, message: The task has been created, params: {}, body: {"title":"Task #1","order":1,"description":"Lorem ipsum","boardId":"b4db3d83-ce34-4af4-a0a0-f11b316efd71","userId":null,"columnId":null}
-- Wed, 15 Apr 2020 16:19:10 GMT, method: POST, path: /boards/b4db3d83-ce34-4af4-a0a0-f11b316efd71/tasks, status: 200, message: The task has been created, params: {}, body: {"title":"Task #3","order":3,"description":"Lorem ipsum","boardId":"b4db3d83-ce34-4af4-a0a0-f11b316efd71","userId":null,"columnId":null}
-- Wed, 15 Apr 2020 16:19:10 GMT, method: POST, path: /boards/b4db3d83-ce34-4af4-a0a0-f11b316efd71/tasks, status: 200, message: The task has been created, params: {}, body: {"title":"Task #4","order":4,"description":"Lorem ipsum","boardId":"b4db3d83-ce34-4af4-a0a0-f11b316efd71","userId":null,"columnId":null}
-- Wed, 15 Apr 2020 16:19:10 GMT, method: POST, path: /boards/b4db3d83-ce34-4af4-a0a0-f11b316efd71/tasks, status: 200, message: The task has been created, params: {}, body: {"title":"Task #2","order":2,"description":"Lorem ipsum","boardId":"b4db3d83-ce34-4af4-a0a0-f11b316efd71","userId":null,"columnId":null}
-- Wed, 15 Apr 2020 16:19:10 GMT, method: POST, path: /boards/b4db3d83-ce34-4af4-a0a0-f11b316efd71/tasks, status: 200, message: The task has been created, params: {}, body: {"title":"Task #5","order":5,"description":"Lorem ipsum","boardId":"b4db3d83-ce34-4af4-a0a0-f11b316efd71","userId":null,"columnId":null}
-- Wed, 15 Apr 2020 16:19:10 GMT, method: GET, path: /boards/b4db3d83-ce34-4af4-a0a0-f11b316efd71/tasks/fa831acb-61cd-41a8-b465-36bfd55f0256, status: 200, message: OK, params: {}, body: {}
-- Wed, 15 Apr 2020 16:19:10 GMT, method: GET, path: /boards/b4db3d83-ce34-4af4-a0a0-f11b316efd71/tasks/e420c3de-59f8-42c0-81fb-46e9f48f7a00, status: 200, message: OK, params: {}, body: {}
-- Wed, 15 Apr 2020 16:19:10 GMT, method: GET, path: /boards/b4db3d83-ce34-4af4-a0a0-f11b316efd71/tasks/443a3cac-83aa-4c32-b1a7-0dc0df6c18e0, status: 200, message: OK, params: {}, body: {}
-- Wed, 15 Apr 2020 16:19:10 GMT, method: GET, path: /boards/b4db3d83-ce34-4af4-a0a0-f11b316efd71/tasks/9a761ece-340f-4218-be81-ab755e362ded, status: 200, message: OK, params: {}, body: {}
-- Wed, 15 Apr 2020 16:19:10 GMT, method: GET, path: /boards/b4db3d83-ce34-4af4-a0a0-f11b316efd71/tasks/e7ce75f6-1a35-4b29-9870-4df1146dbad7, status: 200, message: OK, params: {}, body: {}
-- Wed, 15 Apr 2020 16:19:10 GMT, method: DELETE, path: /boards/b4db3d83-ce34-4af4-a0a0-f11b316efd71, status: 204, message: No Content, params: {}, body: {}
-- Wed, 15 Apr 2020 16:19:10 GMT, method: GET, path: /boards/b4db3d83-ce34-4af4-a0a0-f11b316efd71/tasks/e420c3de-59f8-42c0-81fb-46e9f48f7a00, status: 404, message: Not Found, params: {}, body: {}
-- Wed, 15 Apr 2020 16:19:10 GMT, method: GET, path: /boards/b4db3d83-ce34-4af4-a0a0-f11b316efd71/tasks/fa831acb-61cd-41a8-b465-36bfd55f0256, status: 404, message: Not Found, params: {}, body: {}
-- Wed, 15 Apr 2020 16:19:10 GMT, method: GET, path: /boards/b4db3d83-ce34-4af4-a0a0-f11b316efd71/tasks/443a3cac-83aa-4c32-b1a7-0dc0df6c18e0, status: 404, message: Not Found, params: {}, body: {}
-- Wed, 15 Apr 2020 16:19:10 GMT, method: GET, path: /boards/b4db3d83-ce34-4af4-a0a0-f11b316efd71/tasks/9a761ece-340f-4218-be81-ab755e362ded, status: 404, message: Not Found, params: {}, body: {}
-- Wed, 15 Apr 2020 16:19:10 GMT, method: GET, path: /boards/b4db3d83-ce34-4af4-a0a0-f11b316efd71/tasks/e7ce75f6-1a35-4b29-9870-4df1146dbad7, status: 404, message: Not Found, params: {}, body: {}
-- Wed, 15 Apr 2020 16:19:10 GMT, method: GET, path: /users, status: 200, message: OK, params: {}, body: {}
-- Wed, 15 Apr 2020 16:19:10 GMT, method: POST, path: /users, status: 200, message: The user has been created, params: {}, body: {"name":"TEST_USER","login":"test_user","password":"T35t_P@55w0rd"}
-- Wed, 15 Apr 2020 16:19:10 GMT, method: GET, path: /users, status: 200, message: OK, params: {}, body: {}
-- Wed, 15 Apr 2020 16:19:10 GMT, method: GET, path: /users/48900e14-9954-4936-a814-b251b2f0e9fa, status: 200, message: OK, params: {}, body: {}
-- Wed, 15 Apr 2020 16:19:10 GMT, method: DELETE, path: /users/48900e14-9954-4936-a814-b251b2f0e9fa, status: 500, message: Internal Server Error, params: {}, body: {}
-- Wed, 15 Apr 2020 16:19:11 GMT, method: POST, path: /users, status: 200, message: The user has been created, params: {}, body: {"name":"TEST_USER","login":"test_user","password":"T35t_P@55w0rd"}
-- Wed, 15 Apr 2020 16:19:11 GMT, method: DELETE, path: /users/c7ef3277-c668-477d-81e2-b394a7ea82c2, status: 500, message: Internal Server Error, params: {}, body: {}
-- Wed, 15 Apr 2020 16:19:11 GMT, method: POST, path: /users, status: 200, message: The user has been created, params: {}, body: {"name":"TEST_USER","login":"test_user","password":"T35t_P@55w0rd"}
-- Wed, 15 Apr 2020 16:19:11 GMT, method: PUT, path: /users/f1436f8d-94f9-4ef6-8183-a96c4cec02c4, status: 200, message: The user has been updated, params: {}, body: {"name":"Autotest updated TEST_USER","login":"test_user","password":"T35t_P@55w0rd","id":"f1436f8d-94f9-4ef6-8183-a96c4cec02c4"}
-- Wed, 15 Apr 2020 16:19:11 GMT, method: GET, path: /users/f1436f8d-94f9-4ef6-8183-a96c4cec02c4, status: 200, message: OK, params: {}, body: {}
-- Wed, 15 Apr 2020 16:19:11 GMT, method: DELETE, path: /users/f1436f8d-94f9-4ef6-8183-a96c4cec02c4, status: 500, message: Internal Server Error, params: {}, body: {}
-- Wed, 15 Apr 2020 16:19:11 GMT, method: POST, path: /users, status: 200, message: The user has been created, params: {}, body: {"name":"TEST_USER","login":"test_user","password":"T35t_P@55w0rd"}
-- Wed, 15 Apr 2020 16:19:11 GMT, method: DELETE, path: /users/f756230a-a6d1-4682-beef-b473dcd51b56, status: 500, message: Internal Server Error, params: {}, body: {}
-- Wed, 15 Apr 2020 16:19:11 GMT, method: POST, path: /users, status: 200, message: The user has been created, params: {}, body: {"name":"TEST_USER","login":"test_user","password":"T35t_P@55w0rd"}
-- Wed, 15 Apr 2020 16:19:11 GMT, method: POST, path: /boards, status: 200, message: The board has been created, params: {}, body: {"title":"Autotest board","columns":[{"title":"Backlog","order":1},{"title":"Sprint","order":2}]}
-- Wed, 15 Apr 2020 16:19:11 GMT, method: POST, path: /boards/7faad224-b348-4e5a-ae35-61dec46de4fa/tasks, status: 200, message: The task has been created, params: {}, body: {"title":"Task #1","order":1,"description":"Lorem ipsum","userId":"25fcd4bf-0ea6-4205-950d-e786bba76954","boardId":"7faad224-b348-4e5a-ae35-61dec46de4fa"}
-- Wed, 15 Apr 2020 16:19:11 GMT, method: POST, path: /boards/7faad224-b348-4e5a-ae35-61dec46de4fa/tasks, status: 200, message: The task has been created, params: {}, body: {"title":"Task #2","order":2,"description":"Lorem ipsum","userId":"25fcd4bf-0ea6-4205-950d-e786bba76954","boardId":"7faad224-b348-4e5a-ae35-61dec46de4fa"}
-- Wed, 15 Apr 2020 16:19:11 GMT, method: DELETE, path: /users/25fcd4bf-0ea6-4205-950d-e786bba76954, status: 500, message: Internal Server Error, params: {}, body: {}
-- Wed, 15 Apr 2020 16:21:31 GMT, method: POST, path: /boards, status: 200, message: The board has been created, params: {}, body: {"title":"Autotest board","columns":[{"title":"Backlog","order":1},{"title":"Sprint","order":2}]}
-- Wed, 15 Apr 2020 16:21:31 GMT, method: POST, path: /boards, status: 200, message: The board has been created, params: {}, body: {"title":"Autotest board","columns":[{"title":"Backlog","order":1},{"title":"Sprint","order":2}]}
-- Wed, 15 Apr 2020 16:21:31 GMT, method: GET, path: /boards, status: 200, message: OK, params: {}, body: {}
-- Wed, 15 Apr 2020 16:21:31 GMT, method: POST, path: /boards/09d190f0-49b8-4940-ac92-49619099a92e/tasks, status: 200, message: The task has been created, params: {}, body: {"title":"Autotest task","order":0,"description":"Lorem ipsum","userId":null,"boardId":null,"columnId":null}
-- Wed, 15 Apr 2020 16:21:31 GMT, method: GET, path: /boards/09d190f0-49b8-4940-ac92-49619099a92e/tasks, status: 200, message: OK, params: {}, body: {}
-- Wed, 15 Apr 2020 16:21:31 GMT, method: GET, path: /boards, status: 200, message: OK, params: {}, body: {}
-- Wed, 15 Apr 2020 16:21:31 GMT, method: GET, path: /boards/b814e699-4f4e-45c4-b15e-e8dca02d29d6, status: 200, message: OK, params: {}, body: {}
-- Wed, 15 Apr 2020 16:21:31 GMT, method: GET, path: /boards/09d190f0-49b8-4940-ac92-49619099a92e/tasks, status: 200, message: OK, params: {}, body: {}
-- Wed, 15 Apr 2020 16:21:31 GMT, method: POST, path: /boards, status: 200, message: The board has been created, params: {}, body: {"title":"Autotest board","columns":[{"title":"Backlog","order":1},{"title":"Sprint","order":2}]}
-- Wed, 15 Apr 2020 16:21:31 GMT, method: GET, path: /boards/09d190f0-49b8-4940-ac92-49619099a92e/tasks/9002c2a5-2e89-4cb8-bb14-f9c5f3df4e30, status: 200, message: OK, params: {}, body: {}
-- Wed, 15 Apr 2020 16:21:31 GMT, method: DELETE, path: /boards/594d885e-07e6-4cdf-bb30-36968c8092d2, status: 204, message: No Content, params: {}, body: {}
-- Wed, 15 Apr 2020 16:21:31 GMT, method: POST, path: /boards/09d190f0-49b8-4940-ac92-49619099a92e/tasks, status: 200, message: The task has been created, params: {}, body: {"title":"Autotest task","order":0,"description":"Lorem ipsum","userId":null,"boardId":null,"columnId":null}
-- Wed, 15 Apr 2020 16:21:31 GMT, method: POST, path: /boards, status: 200, message: The board has been created, params: {}, body: {"title":"Autotest board","columns":[{"title":"Backlog","order":1},{"title":"Sprint","order":2}]}
-- Wed, 15 Apr 2020 16:21:31 GMT, method: DELETE, path: /boards/09d190f0-49b8-4940-ac92-49619099a92e/tasks/89751a5c-79cb-4717-a780-5c212cab524a, status: 204, message: No Content, params: {}, body: {}
-- Wed, 15 Apr 2020 16:21:31 GMT, method: PUT, path: /boards/d5832793-d2bc-40fd-8f5d-a2f596b3c1a3, status: 200, message: OK, params: {}, body: {"id":"d5832793-d2bc-40fd-8f5d-a2f596b3c1a3","title":"Autotest updated board","columns":[{"title":"Backlog","order":1},{"title":"Sprint","order":2}]}
-- Wed, 15 Apr 2020 16:21:31 GMT, method: POST, path: /boards/09d190f0-49b8-4940-ac92-49619099a92e/tasks, status: 200, message: The task has been created, params: {}, body: {"title":"Autotest task","order":0,"description":"Lorem ipsum","userId":null,"boardId":null,"columnId":null}
-- Wed, 15 Apr 2020 16:21:31 GMT, method: GET, path: /boards/d5832793-d2bc-40fd-8f5d-a2f596b3c1a3, status: 200, message: OK, params: {}, body: {}
-- Wed, 15 Apr 2020 16:21:31 GMT, method: PUT, path: /boards/09d190f0-49b8-4940-ac92-49619099a92e/tasks/0e98e17a-f1df-4ac6-8f2c-954500cc7e36, status: 200, message: The task has been updated, params: {}, body: {"id":"0e98e17a-f1df-4ac6-8f2c-954500cc7e36","title":"Autotest updated task","order":0,"description":"Lorem ipsum","userId":null,"boardId":"09d190f0-49b8-4940-ac92-49619099a92e","columnId":null}
-- Wed, 15 Apr 2020 16:21:31 GMT, method: DELETE, path: /boards/d5832793-d2bc-40fd-8f5d-a2f596b3c1a3, status: 204, message: No Content, params: {}, body: {}
-- Wed, 15 Apr 2020 16:21:31 GMT, method: GET, path: /boards/09d190f0-49b8-4940-ac92-49619099a92e/tasks/0e98e17a-f1df-4ac6-8f2c-954500cc7e36, status: 200, message: OK, params: {}, body: {}
-- Wed, 15 Apr 2020 16:21:31 GMT, method: GET, path: /boards, status: 200, message: OK, params: {}, body: {}
-- Wed, 15 Apr 2020 16:21:31 GMT, method: GET, path: /boards/09d190f0-49b8-4940-ac92-49619099a92e/tasks/9002c2a5-2e89-4cb8-bb14-f9c5f3df4e30, status: 200, message: OK, params: {}, body: {}
-- Wed, 15 Apr 2020 16:21:31 GMT, method: DELETE, path: /boards/b814e699-4f4e-45c4-b15e-e8dca02d29d6, status: 204, message: No Content, params: {}, body: {}
-- Wed, 15 Apr 2020 16:21:31 GMT, method: DELETE, path: /boards/09d190f0-49b8-4940-ac92-49619099a92e/tasks/9002c2a5-2e89-4cb8-bb14-f9c5f3df4e30, status: 204, message: No Content, params: {}, body: {}
-- Wed, 15 Apr 2020 16:21:31 GMT, method: GET, path: /boards/b814e699-4f4e-45c4-b15e-e8dca02d29d6, status: 404, message: Not Found, params: {}, body: {}
-- Wed, 15 Apr 2020 16:21:31 GMT, method: GET, path: /boards/9002c2a5-2e89-4cb8-bb14-f9c5f3df4e30/tasks/undefined, status: 404, message: Not Found, params: {}, body: {}
-- Wed, 15 Apr 2020 16:21:31 GMT, method: POST, path: /boards, status: 200, message: The board has been created, params: {}, body: {"title":"Autotest board","columns":[{"title":"Backlog","order":1},{"title":"Sprint","order":2}]}
-- Wed, 15 Apr 2020 16:21:31 GMT, method: DELETE, path: /boards/09d190f0-49b8-4940-ac92-49619099a92e, status: 204, message: No Content, params: {}, body: {}
-- Wed, 15 Apr 2020 16:21:31 GMT, method: POST, path: /boards/a62c9ac4-87ec-4a93-8dd7-89e70b002a32/tasks, status: 200, message: The task has been created, params: {}, body: {"title":"Task #2","order":2,"description":"Lorem ipsum","boardId":"a62c9ac4-87ec-4a93-8dd7-89e70b002a32","userId":null,"columnId":null}
-- Wed, 15 Apr 2020 16:21:31 GMT, method: POST, path: /boards/a62c9ac4-87ec-4a93-8dd7-89e70b002a32/tasks, status: 200, message: The task has been created, params: {}, body: {"title":"Task #1","order":1,"description":"Lorem ipsum","boardId":"a62c9ac4-87ec-4a93-8dd7-89e70b002a32","userId":null,"columnId":null}
-- Wed, 15 Apr 2020 16:21:31 GMT, method: POST, path: /boards/a62c9ac4-87ec-4a93-8dd7-89e70b002a32/tasks, status: 200, message: The task has been created, params: {}, body: {"title":"Task #4","order":4,"description":"Lorem ipsum","boardId":"a62c9ac4-87ec-4a93-8dd7-89e70b002a32","userId":null,"columnId":null}
-- Wed, 15 Apr 2020 16:21:31 GMT, method: POST, path: /boards/a62c9ac4-87ec-4a93-8dd7-89e70b002a32/tasks, status: 200, message: The task has been created, params: {}, body: {"title":"Task #3","order":3,"description":"Lorem ipsum","boardId":"a62c9ac4-87ec-4a93-8dd7-89e70b002a32","userId":null,"columnId":null}
-- Wed, 15 Apr 2020 16:21:31 GMT, method: POST, path: /boards/a62c9ac4-87ec-4a93-8dd7-89e70b002a32/tasks, status: 200, message: The task has been created, params: {}, body: {"title":"Task #5","order":5,"description":"Lorem ipsum","boardId":"a62c9ac4-87ec-4a93-8dd7-89e70b002a32","userId":null,"columnId":null}
-- Wed, 15 Apr 2020 16:21:31 GMT, method: GET, path: /boards/a62c9ac4-87ec-4a93-8dd7-89e70b002a32/tasks/8a660e6d-d0ef-4f73-8112-1937749bb4ce, status: 200, message: OK, params: {}, body: {}
-- Wed, 15 Apr 2020 16:21:31 GMT, method: GET, path: /boards/a62c9ac4-87ec-4a93-8dd7-89e70b002a32/tasks/94c28783-3994-4e7f-915c-2a8a1ed7039d, status: 200, message: OK, params: {}, body: {}
-- Wed, 15 Apr 2020 16:21:31 GMT, method: GET, path: /boards/a62c9ac4-87ec-4a93-8dd7-89e70b002a32/tasks/28544381-e861-4abb-88d8-b4e6d1243c6a, status: 200, message: OK, params: {}, body: {}
-- Wed, 15 Apr 2020 16:21:31 GMT, method: GET, path: /boards/a62c9ac4-87ec-4a93-8dd7-89e70b002a32/tasks/c3289985-fded-4d55-ad38-17661c5301cf, status: 200, message: OK, params: {}, body: {}
-- Wed, 15 Apr 2020 16:21:31 GMT, method: GET, path: /boards/a62c9ac4-87ec-4a93-8dd7-89e70b002a32/tasks/ae5c01b6-c213-428a-bd90-44af4ed65227, status: 200, message: OK, params: {}, body: {}
-- Wed, 15 Apr 2020 16:21:31 GMT, method: DELETE, path: /boards/a62c9ac4-87ec-4a93-8dd7-89e70b002a32, status: 204, message: No Content, params: {}, body: {}
-- Wed, 15 Apr 2020 16:21:31 GMT, method: GET, path: /boards/a62c9ac4-87ec-4a93-8dd7-89e70b002a32/tasks/8a660e6d-d0ef-4f73-8112-1937749bb4ce, status: 404, message: Not Found, params: {}, body: {}
-- Wed, 15 Apr 2020 16:21:31 GMT, method: GET, path: /boards/a62c9ac4-87ec-4a93-8dd7-89e70b002a32/tasks/94c28783-3994-4e7f-915c-2a8a1ed7039d, status: 404, message: Not Found, params: {}, body: {}
-- Wed, 15 Apr 2020 16:21:31 GMT, method: GET, path: /boards/a62c9ac4-87ec-4a93-8dd7-89e70b002a32/tasks/28544381-e861-4abb-88d8-b4e6d1243c6a, status: 404, message: Not Found, params: {}, body: {}
-- Wed, 15 Apr 2020 16:21:31 GMT, method: GET, path: /boards/a62c9ac4-87ec-4a93-8dd7-89e70b002a32/tasks/c3289985-fded-4d55-ad38-17661c5301cf, status: 404, message: Not Found, params: {}, body: {}
-- Wed, 15 Apr 2020 16:21:31 GMT, method: GET, path: /boards/a62c9ac4-87ec-4a93-8dd7-89e70b002a32/tasks/ae5c01b6-c213-428a-bd90-44af4ed65227, status: 404, message: Not Found, params: {}, body: {}
-- Wed, 15 Apr 2020 16:21:31 GMT, method: GET, path: /users, status: 200, message: OK, params: {}, body: {}
-- Wed, 15 Apr 2020 16:21:32 GMT, method: POST, path: /users, status: 200, message: The user has been created, params: {}, body: {"name":"TEST_USER","login":"test_user","password":"T35t_P@55w0rd"}
-- Wed, 15 Apr 2020 16:21:32 GMT, method: GET, path: /users, status: 200, message: OK, params: {}, body: {}
-- Wed, 15 Apr 2020 16:21:32 GMT, method: GET, path: /users/26314480-f71b-4e37-9940-5f1dec34f35c, status: 200, message: OK, params: {}, body: {}
-- Wed, 15 Apr 2020 16:21:32 GMT, method: DELETE, path: /users/26314480-f71b-4e37-9940-5f1dec34f35c, status: 204, message: No Content, params: {}, body: {}
-- Wed, 15 Apr 2020 16:21:32 GMT, method: POST, path: /users, status: 200, message: The user has been created, params: {}, body: {"name":"TEST_USER","login":"test_user","password":"T35t_P@55w0rd"}
-- Wed, 15 Apr 2020 16:21:32 GMT, method: DELETE, path: /users/69ff640f-0435-4487-9a3c-7a6c7b878d1c, status: 204, message: No Content, params: {}, body: {}
-- Wed, 15 Apr 2020 16:21:32 GMT, method: POST, path: /users, status: 200, message: The user has been created, params: {}, body: {"name":"TEST_USER","login":"test_user","password":"T35t_P@55w0rd"}
-- Wed, 15 Apr 2020 16:21:32 GMT, method: PUT, path: /users/e9a25c69-560e-4b01-8f88-48d45e54f84e, status: 200, message: The user has been updated, params: {}, body: {"name":"Autotest updated TEST_USER","login":"test_user","password":"T35t_P@55w0rd","id":"e9a25c69-560e-4b01-8f88-48d45e54f84e"}
-- Wed, 15 Apr 2020 16:21:32 GMT, method: GET, path: /users/e9a25c69-560e-4b01-8f88-48d45e54f84e, status: 200, message: OK, params: {}, body: {}
-- Wed, 15 Apr 2020 16:21:32 GMT, method: DELETE, path: /users/e9a25c69-560e-4b01-8f88-48d45e54f84e, status: 204, message: No Content, params: {}, body: {}
-- Wed, 15 Apr 2020 16:21:32 GMT, method: POST, path: /users, status: 200, message: The user has been created, params: {}, body: {"name":"TEST_USER","login":"test_user","password":"T35t_P@55w0rd"}
-- Wed, 15 Apr 2020 16:21:33 GMT, method: DELETE, path: /users/438fb881-a07b-4061-84ed-1247cc75b4ef, status: 204, message: No Content, params: {}, body: {}
-- Wed, 15 Apr 2020 16:21:33 GMT, method: POST, path: /users, status: 200, message: The user has been created, params: {}, body: {"name":"TEST_USER","login":"test_user","password":"T35t_P@55w0rd"}
-- Wed, 15 Apr 2020 16:21:33 GMT, method: POST, path: /boards, status: 200, message: The board has been created, params: {}, body: {"title":"Autotest board","columns":[{"title":"Backlog","order":1},{"title":"Sprint","order":2}]}
-- Wed, 15 Apr 2020 16:21:33 GMT, method: POST, path: /boards/34f0ee6a-e417-45ea-a95b-cbfe4bdbb1fa/tasks, status: 200, message: The task has been created, params: {}, body: {"title":"Task #2","order":2,"description":"Lorem ipsum","userId":"93adc48a-394c-4cab-a2a2-4f5c197ab8ce","boardId":"34f0ee6a-e417-45ea-a95b-cbfe4bdbb1fa"}
-- Wed, 15 Apr 2020 16:21:33 GMT, method: POST, path: /boards/34f0ee6a-e417-45ea-a95b-cbfe4bdbb1fa/tasks, status: 200, message: The task has been created, params: {}, body: {"title":"Task #1","order":1,"description":"Lorem ipsum","userId":"93adc48a-394c-4cab-a2a2-4f5c197ab8ce","boardId":"34f0ee6a-e417-45ea-a95b-cbfe4bdbb1fa"}
-- Wed, 15 Apr 2020 16:21:33 GMT, method: DELETE, path: /users/93adc48a-394c-4cab-a2a2-4f5c197ab8ce, status: 204, message: No Content, params: {}, body: {}
-- Wed, 15 Apr 2020 16:21:33 GMT, method: GET, path: /boards/34f0ee6a-e417-45ea-a95b-cbfe4bdbb1fa/tasks/3057d362-1df9-49dd-a7f1-ea3a78d65777, status: 200, message: OK, params: {}, body: {}
-- Wed, 15 Apr 2020 16:21:33 GMT, method: GET, path: /boards/34f0ee6a-e417-45ea-a95b-cbfe4bdbb1fa/tasks/88990dbc-64e5-4f5a-a7f3-d6176fd7fb4b, status: 200, message: OK, params: {}, body: {}
-- Wed, 15 Apr 2020 16:21:33 GMT, method: DELETE, path: /boards/34f0ee6a-e417-45ea-a95b-cbfe4bdbb1fa/tasks/88990dbc-64e5-4f5a-a7f3-d6176fd7fb4b, status: 204, message: No Content, params: {}, body: {}
-- Wed, 15 Apr 2020 16:21:33 GMT, method: DELETE, path: /boards/34f0ee6a-e417-45ea-a95b-cbfe4bdbb1fa/tasks/3057d362-1df9-49dd-a7f1-ea3a78d65777, status: 204, message: No Content, params: {}, body: {}
-- Wed, 15 Apr 2020 16:21:33 GMT, method: DELETE, path: /boards/34f0ee6a-e417-45ea-a95b-cbfe4bdbb1fa, status: 204, message: No Content, params: {}, body: {}
